09.52.07	正常	设备1 CRC = 0x7cd38b44
09.52.37	正常	设备1 程序下载成功 
09.52.53	正常	设备1 CRC = 0x7cd38b44
09.53.23	正常	设备1 程序下载成功 
10.14.26	正常	设备1 CRC = 0xff372b96
10.14.57	正常	设备1 程序下载成功 
11.59.10	正常	设备1 CRC = 0x24470d0e
11.59.42	正常	设备1 程序下载成功 
13.51.57	正常	设备1 CRC = 0x1752a428
13.51.57	错误	设备1 downImage复位失败!!
13.51.57	警告	设备1 程序下载失败 
13.52.02	正常	设备1 继续下载失败的bin文件！ 
13.52.33	正常	设备1 程序下载成功 
13.56.56	正常	设备1 CRC = 0x16d6554d
13.56.56	错误	设备1 downImage复位失败!!
13.56.57	警告	设备1 程序下载失败 
13.57.09	正常	设备1 继续下载失败的bin文件！ 
13.57.40	正常	设备1 程序下载成功 
14.10.17	正常	设备1 CRC = 0x847d640d
14.10.48	正常	设备1 程序下载成功 
14.30.55	正常	设备1 CRC = 0xd7e8916f
14.31.27	正常	设备1 程序下载成功 
15.02.40	正常	设备1 CRC = 0x5b0a48f7
15.03.12	正常	设备1 程序下载成功 
16.01.47	正常	设备1 CRC = 0x4be4fa62
16.02.19	正常	设备1 程序下载成功 
16.03.48	正常	设备1 CRC = 0xb9297d23
16.04.20	正常	设备1 程序下载成功 
16.06.01	正常	设备1 CRC = 0x0dfa73cc
16.06.33	正常	设备1 程序下载成功 
18.09.48	正常	设备1 CRC = 0x8ce57a7b
18.10.19	正常	设备1 程序下载成功 
