15.38.46	正常	设备1 CRC = 0xc9c33d71
15.39.57	正常	设备1 程序下载成功 
15.46.23	正常	设备1 CRC = 0xec2146cb
15.46.23	错误	设备1 downImage复位失败!!
15.46.23	警告	设备1 程序下载失败 
15.46.30	正常	设备1 继续下载失败的bin文件！ 
15.46.37	警告	设备1 写入Bin文件超时-1！ 
15.46.37	警告	设备1 程序下载失败 
15.46.56	正常	设备1 CRC = 0xec2146cb
15.48.06	正常	设备1 程序下载成功 
15.57.45	正常	设备1 CRC = 0x4c1c19f2
15.58.56	正常	设备1 程序下载成功 
16.05.29	正常	设备1 CRC = 0xea1b4b60
16.05.29	错误	设备1 downImage复位失败!!
16.05.29	警告	设备1 程序下载失败 
16.05.35	正常	设备1 继续下载失败的bin文件！ 
16.06.46	正常	设备1 程序下载成功 
16.14.32	正常	设备1 CRC = 0x9fc50a56
16.15.44	正常	设备1 程序下载成功 
16.24.12	正常	设备1 CRC = 0x6ede2f33
16.25.22	正常	设备1 程序下载成功 
