19.08.35	正常	设备1 CRC = 0x3051b1e6
19.09.06	正常	设备1 程序下载成功 
19.09.19	正常	设备1 CRC = 0x3051b1e6
19.09.20	错误	设备1 downImage复位失败!!
19.09.20	警告	设备1 程序下载失败 
19.09.35	正常	设备1 CRC = 0x3051b1e6
19.10.06	正常	设备1 程序下载成功 
19.29.37	正常	设备1 CRC = 0xe9b31b14
19.30.10	正常	设备1 程序下载成功 
19.30.29	正常	设备1 CRC = 0xe9b31b14
19.31.01	正常	设备1 程序下载成功 
19.58.28	正常	设备1 CRC = 0x1d0b3476
19.58.29	错误	设备1 downImage复位失败!!
19.58.29	警告	设备1 程序下载失败 
19.59.16	正常	设备1 CRC = 0x1d0b3476
19.59.16	错误	设备1 downImage复位失败!!
19.59.16	警告	设备1 程序下载失败 
20.00.07	正常	设备1 CRC = 0x1d0b3476
20.00.39	正常	设备1 程序下载成功 
20.12.50	正常	设备1 CRC = 0xe7abf49b
20.13.21	正常	设备1 程序下载成功 
20.14.49	正常	设备1 CRC = 0x94c35e9a
20.15.47	正常	设备1 CRC = 0x94c35e9a
20.16.18	正常	设备1 程序下载成功 
20.16.38	正常	设备1 CRC = 0x94c35e9a
20.17.32	错误	设备1 芯片校验请求超时！
20.17.32	警告	设备1 程序下载失败 
20.17.34	错误	设备1 Vpp关闭操作超时！
