08.59.58	正常	设备1 CRC = 0x10fce3d9
09.01.33	正常	设备1 程序下载成功 
09.33.05	正常	设备1 CRC = 0x0253abb1
09.34.40	正常	设备1 程序下载成功 
10.25.34	正常	设备1 CRC = 0x0253abb1
10.25.35	错误	设备1 downImage复位失败!!
10.25.35	警告	设备1 程序下载失败 
10.26.16	正常	设备1 CRC = 0x0253abb1
10.26.17	错误	设备1 downImage复位失败!!
10.26.17	警告	设备1 程序下载失败 
10.26.35	正常	设备1 CRC = 0x0253abb1
10.26.36	错误	设备1 downImage复位失败!!
10.26.36	警告	设备1 程序下载失败 
10.27.40	正常	设备1 CRC = 0x0253abb1
10.27.41	错误	设备1 downImage复位失败!!
10.27.41	警告	设备1 程序下载失败 
10.27.43	正常	设备1 继续下载失败的bin文件！ 
10.27.44	错误	设备1 downImage复位失败!!
10.27.44	警告	设备1 程序下载失败 
10.28.10	正常	设备1 CRC = 0x0253abb1
10.28.11	错误	设备1 downImage复位失败!!
10.28.11	警告	设备1 程序下载失败 
10.28.12	正常	设备1 继续下载失败的bin文件！ 
10.28.13	错误	设备1 downImage复位失败!!
10.28.13	警告	设备1 程序下载失败 
10.28.22	正常	设备1 继续下载失败的bin文件！ 
10.28.23	错误	设备1 downImage复位失败!!
10.28.23	警告	设备1 程序下载失败 
10.28.24	正常	设备1 继续下载失败的bin文件！ 
10.28.25	错误	设备1 downImage复位失败!!
10.28.25	警告	设备1 程序下载失败 
10.28.41	正常	设备1 CRC = 0x0253abb1
10.28.42	错误	设备1 downImage复位失败!!
10.28.42	警告	设备1 程序下载失败 
10.28.43	正常	设备1 继续下载失败的bin文件！ 
10.28.44	错误	设备1 downImage复位失败!!
10.28.44	警告	设备1 程序下载失败 
10.29.30	正常	设备1 CRC = 0x0253abb1
10.29.31	错误	设备1 downImage复位失败!!
10.29.31	警告	设备1 程序下载失败 
10.29.54	正常	设备1 CRC = 0x0253abb1
10.29.54	错误	设备1 downImage复位失败!!
10.29.54	警告	设备1 程序下载失败 
10.29.56	正常	设备1 继续下载失败的bin文件！ 
10.29.56	错误	设备1 downImage复位失败!!
10.29.56	警告	设备1 程序下载失败 
10.29.58	正常	设备1 继续下载失败的bin文件！ 
10.29.58	错误	设备1 downImage复位失败!!
10.29.58	警告	设备1 程序下载失败 
10.29.59	正常	设备1 继续下载失败的bin文件！ 
10.30.00	错误	设备1 downImage复位失败!!
10.30.00	警告	设备1 程序下载失败 
10.30.13	正常	设备1 继续下载失败的bin文件！ 
10.30.13	错误	设备1 downImage复位失败!!
10.30.14	警告	设备1 程序下载失败 
10.30.19	正常	设备1 CRC = 0x0253abb1
10.30.20	错误	设备1 downImage复位失败!!
10.30.20	警告	设备1 程序下载失败 
10.32.34	正常	设备1 CRC = 0x0253abb1
10.32.34	错误	设备1 downImage复位失败!!
10.32.34	警告	设备1 程序下载失败 
10.32.36	正常	设备1 继续下载失败的bin文件！ 
10.32.36	错误	设备1 downImage复位失败!!
10.32.36	警告	设备1 程序下载失败 
10.32.38	正常	设备1 继续下载失败的bin文件！ 
10.32.38	错误	设备1 downImage复位失败!!
10.32.38	警告	设备1 程序下载失败 
10.32.58	正常	设备1 CRC = 0x0253abb1
10.34.33	正常	设备1 程序下载成功 
10.36.33	正常	设备1 CRC = 0xdcbcc59b
10.37.04	正常	设备1 程序下载成功 
10.41.55	正常	设备1 CRC = 0x7559b77a
10.42.26	正常	设备1 程序下载成功 
11.10.28	正常	设备1 CRC = 0x2fdb2f7c
11.10.29	错误	设备1 downImage复位失败!!
11.10.29	警告	设备1 程序下载失败 
11.10.33	正常	设备1 继续下载失败的bin文件！ 
11.10.34	错误	设备1 downImage复位失败!!
11.10.34	警告	设备1 程序下载失败 
11.10.49	正常	设备1 CRC = 0x2fdb2f7c
11.10.49	错误	设备1 downImage复位失败!!
11.10.49	警告	设备1 程序下载失败 
11.11.01	正常	设备1 继续下载失败的bin文件！ 
11.11.02	错误	设备1 downImage复位失败!!
11.11.02	警告	设备1 程序下载失败 
11.11.07	正常	设备1 继续下载失败的bin文件！ 
11.11.09	正常	设备1 程序下载成功 
11.14.34	正常	设备1 CRC = 0x73f5e94e
11.14.34	错误	设备1 downImage复位失败!!
11.14.34	警告	设备1 程序下载失败 
11.14.50	正常	设备1 继续下载失败的bin文件！ 
11.14.50	错误	设备1 downImage复位失败!!
11.14.50	警告	设备1 程序下载失败 
11.15.07	正常	设备1 CRC = 0x73f5e94e
11.15.10	正常	设备1 程序下载成功 
11.23.18	正常	设备1 CRC = 0x9b0ac271
11.23.18	错误	设备1 downImage复位失败!!
11.23.18	警告	设备1 程序下载失败 
11.24.01	正常	设备1 CRC = 0x9b0ac271
11.24.03	正常	设备1 程序下载成功 
11.37.07	正常	设备1 CRC = 0x73f5e94e
11.37.10	正常	设备1 程序下载成功 
11.42.26	正常	设备1 CRC = 0x73f5e94e
11.42.29	正常	设备1 程序下载成功 
11.43.49	正常	设备1 CRC = 0x3c8727a4
11.43.52	正常	设备1 程序下载成功 
11.56.22	警告	设备1 文件大小超出芯片设定!
11.56.23	警告	设备1 文件大小超出芯片设定!
11.56.30	正常	设备1 CRC = 0x0253abb1
11.58.03	正常	设备1 程序下载成功 
12.01.24	正常	设备1 CRC = 0x0253abb1
12.02.57	正常	设备1 程序下载成功 
13.40.53	正常	设备1 CRC = 0x0253abb1
13.40.59	警告	设备1 写入Bin文件超时-1！ 
13.40.59	警告	设备1 程序下载失败 
13.41.01	错误	设备1 Vpp关闭操作超时！
14.24.25	正常	设备1 CRC = 0x73f5e94e
14.24.28	正常	设备1 程序下载成功 
