09.34.02	正常	设备1 CRC = 0x9001a453
09.34.26	正常	设备1 程序下载成功 
09.50.30	正常	设备1 CRC = 0x9001a453
09.50.53	正常	设备1 程序下载成功 
10.08.33	正常	设备1 CRC = 0x6b7a2c4f
10.08.33	错误	设备1 downImage复位失败!!
10.08.33	警告	设备1 程序下载失败 
10.15.40	正常	设备1 CRC = 0x6b7a2c4f
10.15.40	错误	设备1 Vpp打开失败(!=0xee)！
10.15.46	正常	设备1 CRC = 0x6b7a2c4f
10.16.09	正常	设备1 程序下载成功 
10.46.32	正常	设备1 CRC = 0x8f46f187
10.46.55	正常	设备1 程序下载成功 
10.48.42	正常	设备1 CRC = 0x8f46f187
10.49.05	正常	设备1 程序下载成功 
10.49.36	正常	设备1 CRC = 0x8f46f187
10.49.59	正常	设备1 程序下载成功 
11.24.36	正常	设备1 CRC = 0x16aa9d93
11.24.59	正常	设备1 程序下载成功 
11.29.45	正常	设备1 CRC = 0x15c93ea1
11.29.45	错误	设备1 Vpp打开失败(!=0xee)！
11.29.50	正常	设备1 CRC = 0x15c93ea1
11.29.50	错误	设备1 Vpp打开失败(!=0xee)！
11.30.05	正常	设备1 CRC = 0x15c93ea1
11.30.28	正常	设备1 程序下载成功 
11.43.29	正常	设备1 CRC = 0x16aa9d93
11.43.52	正常	设备1 程序下载成功 
11.49.33	正常	设备1 CRC = 0x2f15e2fa
11.49.56	正常	设备1 程序下载成功 
11.52.36	正常	设备1 CRC = 0x2c7641c8
11.52.59	正常	设备1 程序下载成功 
13.50.27	正常	设备1 CRC = 0x467e8079
13.50.27	错误	设备1 Vpp打开失败(!=0xee)！
13.50.49	正常	设备1 CRC = 0x467e8079
13.51.12	正常	设备1 程序下载成功 
13.52.55	正常	设备1 CRC = 0x874fd16b
13.53.19	正常	设备1 程序下载成功 
13.56.39	正常	设备1 CRC = 0x7fc1ff10
13.57.03	正常	设备1 程序下载成功 
13.58.43	正常	设备1 CRC = 0x467e8079
13.59.05	正常	设备1 程序下载成功 
14.01.15	正常	设备1 CRC = 0x7fc1ff10
14.01.39	正常	设备1 程序下载成功 
14.02.33	正常	设备1 CRC = 0x451d234b
14.02.56	正常	设备1 程序下载成功 
14.17.33	正常	设备1 CRC = 0x0595cf2f
14.17.56	正常	设备1 程序下载成功 
14.30.04	正常	设备1 CRC = 0x212ae4b8
14.30.27	正常	设备1 程序下载成功 
14.30.40	正常	设备1 CRC = 0x212ae4b8
14.31.03	正常	设备1 程序下载成功 
14.35.28	正常	设备1 CRC = 0x0a2f74c2
14.35.36	正常	设备1 程序下载成功 
14.37.06	正常	设备1 CRC = 0x8fb4890d
14.37.28	正常	设备1 程序下载成功 
15.58.18	正常	设备1 CRC = 0xb789912d
15.58.41	正常	设备1 程序下载成功 
