09.27.51	正常	设备1 CRC = 0xdcbcc59b
09.28.23	正常	设备1 程序下载成功 
09.32.28	正常	设备1 CRC = 0xdcbcc59b
09.32.29	错误	设备1 downImage复位失败!!
09.32.29	警告	设备1 程序下载失败 
09.36.45	正常	设备1 CRC = 0xdcbcc59b
09.36.46	错误	设备1 downImage复位失败!!
09.36.46	警告	设备1 程序下载失败 
09.37.05	正常	设备1 继续下载失败的bin文件！ 
09.37.44	正常	设备1 程序下载成功 
10.01.14	正常	设备1 CRC = 0xdcbcc59b
10.01.45	正常	设备1 程序下载成功 
10.51.38	正常	设备1 CRC = 0xe32f9441
10.51.38	错误	设备1 downImage复位失败!!
10.51.38	警告	设备1 程序下载失败 
10.51.57	正常	设备1 CRC = 0xe32f9441
10.53.00	正常	设备1 程序下载成功 
14.31.49	正常	设备1 CRC = 0x105e7737
14.32.50	正常	设备1 程序下载成功 
14.47.36	正常	设备1 CRC = 0x8fd5f8c0
14.48.38	正常	设备1 程序下载成功 
14.58.44	正常	设备1 CRC = 0xaa29bd08
14.59.46	正常	设备1 程序下载成功 
15.59.52	正常	设备1 CRC = 0x181fc2bd
16.00.53	正常	设备1 程序下载成功 
16.38.08	正常	设备1 CRC = 0x9116756e
16.39.09	正常	设备1 程序下载成功 
16.56.55	正常	设备1 CRC = 0x95c0a075
16.58.02	正常	设备1 程序下载成功 
