09.56.15	正常	设备1 CRC = 0xda1a6670
09.56.15	错误	设备1 downImage复位失败!!
09.56.15	警告	设备1 程序下载失败 
09.56.34	正常	设备1 继续下载失败的bin文件！ 
09.57.06	正常	设备1 程序下载成功 
11.12.12	正常	设备1 CRC = 0x8f309a54
11.12.43	正常	设备1 程序下载成功 
11.15.51	正常	设备1 CRC = 0xb866712a
11.16.22	正常	设备1 程序下载成功 
11.24.30	正常	设备1 CRC = 0xc141588a
11.25.02	正常	设备1 程序下载成功 
11.38.17	正常	设备1 CRC = 0x8f309a54
11.38.49	正常	设备1 程序下载成功 
15.11.38	正常	设备1 CRC = 0x653e4dc0
15.12.09	正常	设备1 程序下载成功 
15.21.56	正常	设备1 CRC = 0x07e47de5
15.22.28	正常	设备1 程序下载成功 
15.25.39	正常	设备1 CRC = 0x07e47de5
15.26.10	正常	设备1 程序下载成功 
16.13.07	正常	设备1 CRC = 0x3541fada
16.13.38	正常	设备1 程序下载成功 
16.15.08	正常	设备1 CRC = 0x3541fada
16.15.39	正常	设备1 程序下载成功 
16.31.05	正常	设备1 CRC = 0x07e47de5
16.31.37	正常	设备1 程序下载成功 
16.57.27	正常	设备1 CRC = 0x3541fada
16.57.59	正常	设备1 程序下载成功 
17.00.21	正常	设备1 CRC = 0xc1598d06
17.00.53	正常	设备1 程序下载成功 
17.02.39	正常	设备1 CRC = 0x64ba72f6
17.03.11	正常	设备1 程序下载成功 
17.05.01	正常	设备1 CRC = 0xc1598d06
17.05.32	正常	设备1 程序下载成功 
17.20.14	正常	设备1 CRC = 0x68d5e860
17.20.46	正常	设备1 程序下载成功 
17.23.06	正常	设备1 CRC = 0x21057960
17.23.37	正常	设备1 程序下载成功 
17.43.34	正常	设备1 CRC = 0x9ccd9fbc
17.44.06	正常	设备1 程序下载成功 
17.50.30	正常	设备1 CRC = 0xf81e29ad
17.51.02	正常	设备1 程序下载成功 
18.48.34	正常	设备1 CRC = 0xf1c0ec2d
18.49.06	正常	设备1 程序下载成功 
