09.37.13	正常	设备1 擦除成功!!
09.41.34	正常	设备1 CRC = 0x9e89f789
09.41.46	正常	设备1 程序下载成功 
09.46.17	正常	设备1 CRC = 0x286ba53c
09.46.49	正常	设备1 程序下载成功 
09.49.24	正常	设备1 擦除成功!!
10.22.36	正常	设备1 CRC = 0x55aa96c6
10.22.37	错误	设备1 downImage复位失败!!
10.22.37	警告	设备1 程序下载失败 
10.22.46	正常	设备1 继续下载失败的bin文件！ 
10.23.17	正常	设备1 程序下载成功 
10.26.16	正常	设备1 CRC = 0x76f2d0f7
10.26.47	正常	设备1 程序下载成功 
11.01.08	正常	设备1 CRC = 0x332ea825
11.01.39	正常	设备1 程序下载成功 
11.06.51	正常	设备1 CRC = 0xf46bd291
11.07.22	正常	设备1 程序下载成功 
11.15.30	正常	设备1 CRC = 0xb98b420c
11.16.00	正常	设备1 程序下载成功 
11.24.15	正常	设备1 CRC = 0xcc6d054e
11.24.15	错误	设备1 downImage复位失败!!
11.24.15	警告	设备1 程序下载失败 
11.24.18	正常	设备1 继续下载失败的bin文件！ 
11.24.49	正常	设备1 程序下载成功 
11.33.36	正常	设备1 CRC = 0x16390902
11.34.06	正常	设备1 程序下载成功 
11.35.24	正常	设备1 CRC = 0x9da62278
11.35.54	正常	设备1 程序下载成功 
11.47.18	正常	设备1 CRC = 0xc464b780
11.47.49	正常	设备1 程序下载成功 
13.56.53	正常	设备1 CRC = 0x7a4b9bd3
13.57.24	正常	设备1 程序下载成功 
17.58.24	正常	设备1 CRC = 0x6c6546b7
17.59.29	正常	设备1 程序下载成功 
