15.07.59	正常	设备1 CRC = 0x7559b77a
15.08.00	错误	设备1 downImage复位失败!!
15.08.00	警告	设备1 程序下载失败 
15.08.14	正常	设备1 继续下载失败的bin文件！ 
15.08.15	错误	设备1 downImage复位失败!!
15.08.15	警告	设备1 程序下载失败 
15.08.29	正常	设备1 继续下载失败的bin文件！ 
15.08.38	警告	设备1 写入Bin文件超时-1！ 
15.08.38	警告	设备1 程序下载失败 
15.08.40	错误	设备1 Vpp关闭操作超时！
15.09.03	正常	设备1 CRC = 0xea39d28a
15.09.04	错误	设备1 downImage复位失败!!
15.09.04	警告	设备1 程序下载失败 
15.09.05	正常	设备1 继续下载失败的bin文件！ 
15.09.06	错误	设备1 downImage复位失败!!
15.09.06	警告	设备1 程序下载失败 
15.09.20	正常	设备1 继续下载失败的bin文件！ 
15.09.20	错误	设备1 downImage复位失败!!
15.09.20	警告	设备1 程序下载失败 
15.09.22	正常	设备1 继续下载失败的bin文件！ 
15.09.22	错误	设备1 downImage复位失败!!
15.09.22	警告	设备1 程序下载失败 
15.09.41	正常	设备1 继续下载失败的bin文件！ 
15.09.42	错误	设备1 downImage复位失败!!
15.09.42	警告	设备1 程序下载失败 
15.09.46	正常	设备1 CRC = 0xea39d28a
15.09.46	错误	设备1 downImage复位失败!!
15.09.46	警告	设备1 程序下载失败 
15.10.04	正常	设备1 继续下载失败的bin文件！ 
15.10.08	警告	设备1 写入Bin文件超时-1！ 
15.10.08	警告	设备1 程序下载失败 
15.10.10	正常	设备1 继续下载失败的bin文件！ 
15.11.08	正常	设备1 程序下载成功 
15.11.35	正常	设备1 CRC = 0xea39d28a
15.12.28	正常	设备1 程序下载成功 
15.15.45	正常	设备1 CRC = 0xea39d28a
15.15.45	错误	设备1 downImage复位失败!!
15.15.46	警告	设备1 程序下载失败 
15.15.47	正常	设备1 继续下载失败的bin文件！ 
15.15.47	错误	设备1 downImage复位失败!!
15.15.47	警告	设备1 程序下载失败 
15.15.59	正常	设备1 继续下载失败的bin文件！ 
15.15.59	错误	设备1 downImage复位失败!!
15.15.59	警告	设备1 程序下载失败 
15.16.00	正常	设备1 继续下载失败的bin文件！ 
15.16.01	错误	设备1 downImage复位失败!!
15.16.01	警告	设备1 程序下载失败 
15.16.01	正常	设备1 继续下载失败的bin文件！ 
15.16.02	错误	设备1 downImage复位失败!!
15.16.02	警告	设备1 程序下载失败 
15.16.22	正常	设备1 CRC = 0xea39d28a
15.16.22	错误	设备1 downImage复位失败!!
15.16.22	警告	设备1 程序下载失败 
15.16.24	正常	设备1 继续下载失败的bin文件！ 
15.16.24	错误	设备1 downImage复位失败!!
15.16.24	警告	设备1 程序下载失败 
15.28.12	正常	设备1 CRC = 0xea39d28a
15.28.12	错误	设备1 downImage复位失败!!
15.28.12	警告	设备1 程序下载失败 
15.28.14	正常	设备1 继续下载失败的bin文件！ 
15.28.15	错误	设备1 downImage复位失败!!
15.28.15	警告	设备1 程序下载失败 
15.28.16	正常	设备1 继续下载失败的bin文件！ 
15.28.17	错误	设备1 downImage复位失败!!
15.28.17	警告	设备1 程序下载失败 
15.28.27	正常	设备1 继续下载失败的bin文件！ 
15.28.28	错误	设备1 downImage复位失败!!
15.28.28	警告	设备1 程序下载失败 
15.28.29	正常	设备1 继续下载失败的bin文件！ 
15.28.29	错误	设备1 downImage复位失败!!
15.28.29	警告	设备1 程序下载失败 
15.28.30	正常	设备1 继续下载失败的bin文件！ 
15.28.30	错误	设备1 downImage复位失败!!
15.28.30	警告	设备1 程序下载失败 
15.30.21	正常	设备1 CRC = 0xea39d28a
15.30.22	错误	设备1 downImage复位失败!!
15.30.22	警告	设备1 程序下载失败 
15.30.23	正常	设备1 继续下载失败的bin文件！ 
15.30.24	错误	设备1 downImage复位失败!!
15.30.24	警告	设备1 程序下载失败 
15.30.25	正常	设备1 继续下载失败的bin文件！ 
15.30.25	错误	设备1 downImage复位失败!!
15.30.25	警告	设备1 程序下载失败 
15.30.36	正常	设备1 继续下载失败的bin文件！ 
15.30.37	错误	设备1 downImage复位失败!!
15.30.37	警告	设备1 程序下载失败 
15.30.37	正常	设备1 继续下载失败的bin文件！ 
15.30.38	错误	设备1 downImage复位失败!!
15.30.38	警告	设备1 程序下载失败 
15.30.46	正常	设备1 CRC = 0xea39d28a
15.30.46	错误	设备1 downImage复位失败!!
15.30.46	警告	设备1 程序下载失败 
15.30.50	正常	设备1 CRC = 0xb4ff5cfa
15.30.51	错误	设备1 downImage复位失败!!
15.30.51	警告	设备1 程序下载失败 
15.30.52	正常	设备1 继续下载失败的bin文件！ 
15.30.53	错误	设备1 downImage复位失败!!
15.30.53	警告	设备1 程序下载失败 
15.30.56	正常	设备1 CRC = 0xea39d28a
15.30.56	错误	设备1 downImage复位失败!!
15.30.56	警告	设备1 程序下载失败 
15.32.34	正常	设备1 CRC = 0xea39d28a
15.32.34	错误	设备1 downImage复位失败!!
15.32.34	警告	设备1 程序下载失败 
15.32.36	正常	设备1 继续下载失败的bin文件！ 
15.32.36	错误	设备1 downImage复位失败!!
15.32.36	警告	设备1 程序下载失败 
15.32.45	正常	设备1 继续下载失败的bin文件！ 
15.32.46	错误	设备1 downImage复位失败!!
15.32.46	警告	设备1 程序下载失败 
15.32.50	正常	设备1 继续下载失败的bin文件！ 
15.32.51	错误	设备1 downImage复位失败!!
15.32.51	警告	设备1 程序下载失败 
15.33.12	正常	设备1 CRC = 0xea39d28a
15.33.12	错误	设备1 downImage复位失败!!
15.33.12	警告	设备1 程序下载失败 
15.33.15	正常	设备1 继续下载失败的bin文件！ 
15.33.16	错误	设备1 downImage复位失败!!
15.33.16	警告	设备1 程序下载失败 
15.33.20	正常	设备1 继续下载失败的bin文件！ 
15.33.20	错误	设备1 downImage复位失败!!
15.33.20	警告	设备1 程序下载失败 
15.33.29	正常	设备1 继续下载失败的bin文件！ 
15.33.30	错误	设备1 downImage复位失败!!
15.33.30	警告	设备1 程序下载失败 
15.33.32	正常	设备1 继续下载失败的bin文件！ 
15.33.32	错误	设备1 downImage复位失败!!
15.33.32	警告	设备1 程序下载失败 
16.18.50	正常	设备1 CRC = 0xea39d28a
16.18.50	错误	设备1 downImage复位失败!!
16.18.50	警告	设备1 程序下载失败 
16.18.53	正常	设备1 继续下载失败的bin文件！ 
16.18.54	错误	设备1 downImage复位失败!!
16.18.54	警告	设备1 程序下载失败 
16.18.56	正常	设备1 继续下载失败的bin文件！ 
16.18.57	错误	设备1 downImage复位失败!!
16.18.57	警告	设备1 程序下载失败 
16.19.22	正常	设备1 CRC = 0xea39d28a
16.19.23	错误	设备1 downImage复位失败!!
16.19.23	警告	设备1 程序下载失败 
16.19.24	正常	设备1 继续下载失败的bin文件！ 
16.19.25	错误	设备1 downImage复位失败!!
16.19.25	警告	设备1 程序下载失败 
16.19.35	正常	设备1 CRC = 0xea39d28a
16.19.36	错误	设备1 downImage复位失败!!
16.19.36	警告	设备1 程序下载失败 
16.27.44	正常	设备1 CRC = 0xea39d28a
16.27.44	错误	设备1 downImage复位失败!!
16.27.44	警告	设备1 程序下载失败 
16.27.46	正常	设备1 继续下载失败的bin文件！ 
16.27.47	错误	设备1 downImage复位失败!!
16.27.47	警告	设备1 程序下载失败 
16.28.07	正常	设备1 CRC = 0xea39d28a
16.28.07	错误	设备1 downImage复位失败!!
16.28.07	警告	设备1 程序下载失败 
16.28.08	正常	设备1 继续下载失败的bin文件！ 
16.28.09	错误	设备1 downImage复位失败!!
16.28.09	警告	设备1 程序下载失败 
16.35.36	正常	设备1 CRC = 0xea39d28a
16.36.21	正常	设备1 程序下载成功 
16.36.43	正常	设备1 CRC = 0xea39d28a
16.37.27	正常	设备1 程序下载成功 
16.48.14	正常	设备1 CRC = 0xea39d28a
16.48.15	错误	设备1 downImage复位失败!!
16.48.15	警告	设备1 程序下载失败 
16.48.36	正常	设备1 CRC = 0xea39d28a
16.48.36	错误	设备1 downImage复位失败!!
16.48.36	警告	设备1 程序下载失败 
16.48.46	正常	设备1 继续下载失败的bin文件！ 
16.48.47	错误	设备1 downImage复位失败!!
16.48.47	警告	设备1 程序下载失败 
