09.56.02	正常	设备1 CRC = 0x564483a2
09.57.35	正常	设备1 程序下载成功 
10.02.04	正常	设备1 CRC = 0x564483a2
10.03.37	正常	设备1 程序下载成功 
10.08.15	正常	设备1 CRC = 0x9c7f18e7
10.09.47	正常	设备1 程序下载成功 
10.11.30	正常	设备1 CRC = 0x095878f2
10.13.05	正常	设备1 程序下载成功 
10.59.18	正常	设备1 CRC = 0x9d74399e
11.00.51	正常	设备1 程序下载成功 
11.08.44	正常	设备1 CRC = 0x9fa5068b
11.10.17	正常	设备1 程序下载成功 
11.28.18	正常	设备1 CRC = 0x7972bdc2
11.28.48	正常	设备1 程序下载成功 
11.32.29	正常	设备1 CRC = 0x7972bdc2
11.32.32	警告	设备1 写入Bin文件超时-1！ 
11.32.32	警告	设备1 程序下载失败 
11.34.39	正常	设备1 CRC = 0x7972bdc2
11.35.09	正常	设备1 程序下载成功 
12.20.23	正常	设备1 CRC = 0x3ed4703d
12.20.53	正常	设备1 程序下载成功 
12.30.35	正常	设备1 CRC = 0x9fa5068b
12.30.36	错误	设备1 downImage复位失败!!
12.30.36	警告	设备1 程序下载失败 
12.30.52	正常	设备1 CRC = 0x9fa5068b
12.32.24	正常	设备1 程序下载成功 
12.46.43	正常	设备1 CRC = 0x9e813d01
12.47.34	正常	设备1 程序下载成功 
13.46.10	正常	设备1 CRC = 0x3cf384d7
13.46.42	正常	设备1 程序下载成功 
13.47.53	正常	设备1 CRC = 0x3cf384d7
13.48.24	正常	设备1 程序下载成功 
13.49.43	正常	设备1 CRC = 0x3cf384d7
13.50.14	正常	设备1 程序下载成功 
14.14.42	正常	设备1 CRC = 0x4adafbc8
14.15.13	正常	设备1 程序下载成功 
14.22.49	正常	设备1 CRC = 0x81af4866
14.22.50	错误	设备1 downImage复位失败!!
14.22.50	警告	设备1 程序下载失败 
14.23.06	正常	设备1 CRC = 0x81af4866
14.23.06	错误	设备1 downImage复位失败!!
14.23.06	警告	设备1 程序下载失败 
14.23.24	正常	设备1 CRC = 0x81af4866
14.23.55	正常	设备1 程序下载成功 
14.25.07	正常	设备1 CRC = 0x81af4866
14.25.38	正常	设备1 程序下载成功 
14.36.21	正常	设备1 CRC = 0x816585fd
14.36.51	正常	设备1 程序下载成功 
14.37.07	正常	设备1 CRC = 0x816585fd
14.37.38	正常	设备1 程序下载成功 
15.16.47	正常	设备1 CRC = 0xc94ec7f3
15.17.18	正常	设备1 程序下载成功 
15.20.24	正常	设备1 CRC = 0xc94ec7f3
15.20.55	正常	设备1 程序下载成功 
15.33.37	正常	设备1 CRC = 0xbd1bbdf6
15.34.07	正常	设备1 程序下载成功 
15.48.34	正常	设备1 CRC = 0xc94ec7f3
15.49.04	正常	设备1 程序下载成功 
15.52.06	正常	设备1 CRC = 0x9e813d01
15.53.02	正常	设备1 程序下载成功 
16.16.54	正常	设备1 CRC = 0xa9f40809
16.17.44	正常	设备1 程序下载成功 
16.39.21	正常	设备1 CRC = 0x0ef3e7fa
16.40.11	正常	设备1 程序下载成功 
16.54.37	正常	设备1 CRC = 0x3583c8d3
16.55.26	正常	设备1 程序下载成功 
17.16.18	正常	设备1 CRC = 0x7affca52
17.16.19	错误	设备1 downImage复位失败!!
17.16.19	警告	设备1 程序下载失败 
17.16.29	正常	设备1 继续下载失败的bin文件！ 
17.17.18	正常	设备1 程序下载成功 
17.21.01	正常	设备1 CRC = 0x63cdd7c1
17.21.51	正常	设备1 程序下载成功 
17.26.54	正常	设备1 CRC = 0x1ad05252
17.26.55	错误	设备1 downImage复位失败!!
17.26.55	警告	设备1 程序下载失败 
17.27.14	正常	设备1 CRC = 0x1ad05252
17.28.04	正常	设备1 程序下载成功 
17.33.19	正常	设备1 CRC = 0xa781c9e8
17.34.09	正常	设备1 程序下载成功 
17.41.14	正常	设备1 CRC = 0xc427ac0f
17.42.04	正常	设备1 程序下载成功 
18.08.08	正常	设备1 CRC = 0xc94ec7f3
18.08.08	错误	设备1 downImage复位失败!!
18.08.08	警告	设备1 程序下载失败 
18.08.18	正常	设备1 继续下载失败的bin文件！ 
18.08.19	错误	设备1 downImage复位失败!!
18.08.19	警告	设备1 程序下载失败 
18.08.34	正常	设备1 CRC = 0xc94ec7f3
18.08.34	错误	设备1 downImage复位失败!!
18.08.34	警告	设备1 程序下载失败 
18.08.59	正常	设备1 CRC = 0xc94ec7f3
18.09.00	错误	设备1 downImage复位失败!!
18.09.00	警告	设备1 程序下载失败 
18.09.13	正常	设备1 CRC = 0xc94ec7f3
18.09.14	错误	设备1 downImage复位失败!!
18.09.14	警告	设备1 程序下载失败 
18.09.22	正常	设备1 CRC = 0xc94ec7f3
18.09.22	错误	设备1 downImage复位失败!!
18.09.22	警告	设备1 程序下载失败 
18.09.32	正常	设备1 继续下载失败的bin文件！ 
18.09.32	错误	设备1 downImage复位失败!!
18.09.32	警告	设备1 程序下载失败 
18.10.10	正常	设备1 CRC = 0xc94ec7f3
18.10.10	错误	设备1 downImage复位失败!!
18.10.10	警告	设备1 程序下载失败 
18.11.00	正常	设备1 继续下载失败的bin文件！ 
18.11.30	正常	设备1 程序下载成功 
18.12.07	正常	设备1 CRC = 0xc94ec7f3
18.12.08	错误	设备1 downImage复位失败!!
18.12.08	警告	设备1 程序下载失败 
18.12.09	正常	设备1 继续下载失败的bin文件！ 
18.12.10	错误	设备1 downImage复位失败!!
18.12.10	警告	设备1 程序下载失败 
18.12.18	正常	设备1 继续下载失败的bin文件！ 
18.12.18	错误	设备1 downImage复位失败!!
18.12.18	警告	设备1 程序下载失败 
18.12.29	正常	设备1 继续下载失败的bin文件！ 
18.12.30	错误	设备1 downImage复位失败!!
18.12.30	警告	设备1 程序下载失败 
18.12.33	正常	设备1 继续下载失败的bin文件！ 
18.12.34	错误	设备1 downImage复位失败!!
18.12.34	警告	设备1 程序下载失败 
18.12.44	正常	设备1 CRC = 0xc94ec7f3
18.12.44	错误	设备1 downImage复位失败!!
18.12.44	警告	设备1 程序下载失败 
18.13.12	正常	设备1 继续下载失败的bin文件！ 
18.13.43	正常	设备1 程序下载成功 
18.18.00	正常	设备1 CRC = 0xc94ec7f3
18.18.01	错误	设备1 downImage复位失败!!
18.18.01	警告	设备1 程序下载失败 
18.18.02	正常	设备1 继续下载失败的bin文件！ 
18.18.03	错误	设备1 downImage复位失败!!
18.18.03	警告	设备1 程序下载失败 
18.22.22	正常	设备1 CRC = 0xc94ec7f3
18.22.53	正常	设备1 程序下载成功 
18.35.46	正常	设备1 CRC = 0xc427ac0f
18.36.35	正常	设备1 程序下载成功 
20.21.32	正常	设备1 CRC = 0x4cb9b778
20.22.22	正常	设备1 程序下载成功 
20.23.14	正常	设备1 CRC = 0x4cb9b778
20.24.04	正常	设备1 程序下载成功 
20.25.21	正常	设备1 CRC = 0x4cb9b778
20.26.12	正常	设备1 程序下载成功 
20.26.44	正常	设备1 CRC = 0xc94ec7f3
20.27.15	正常	设备1 程序下载成功 
