09.49.07	正常	设备1 CRC = 0x23f1188d
09.49.39	正常	设备1 程序下载成功 
10.01.05	正常	设备1 CRC = 0xc2cc5a4c
10.01.06	错误	设备1 downImage复位失败!!
10.01.06	警告	设备1 程序下载失败 
10.01.18	正常	设备1 CRC = 0xc2cc5a4c
10.01.50	正常	设备1 程序下载成功 
10.48.21	正常	设备1 CRC = 0xda64d7ee
10.49.26	正常	设备1 程序下载成功 
10.59.24	正常	设备1 CRC = 0x61591ae5
11.00.29	正常	设备1 程序下载成功 
11.24.10	正常	设备1 CRC = 0x61591ae5
11.25.16	正常	设备1 程序下载成功 
11.30.18	正常	设备1 CRC = 0x61591ae5
11.31.33	正常	设备1 程序下载成功 
14.06.03	正常	设备1 CRC = 0x664f76a2
14.06.04	错误	设备1 downImage复位失败!!
14.06.04	警告	设备1 程序下载失败 
14.06.08	正常	设备1 继续下载失败的bin文件！ 
14.07.15	正常	设备1 程序下载成功 
14.16.51	正常	设备1 CRC = 0x5e74fc44
14.17.57	正常	设备1 程序下载成功 
15.24.23	正常	设备1 CRC = 0xc2cc5a4c
15.24.55	正常	设备1 程序下载成功 
17.15.48	正常	设备1 CRC = 0x8ec991e4
17.15.54	正常	设备1 程序下载成功 
17.38.04	正常	设备1 CRC = 0x2214be72
17.38.09	正常	设备1 程序下载成功 
17.50.21	正常	设备1 CRC = 0x799f0d1f
17.50.26	正常	设备1 程序下载成功 
18.46.28	正常	设备1 CRC = 0xa5123ee9
18.46.33	正常	设备1 程序下载成功 
18.57.25	正常	设备1 CRC = 0x35a2b3d1
18.57.30	正常	设备1 程序下载成功 
19.00.57	正常	设备1 CRC = 0x34d8d65f
19.00.57	错误	设备1 downImage复位失败!!
19.00.57	警告	设备1 程序下载失败 
19.08.44	正常	设备1 CRC = 0x34d8d65f
19.08.45	错误	设备1 downImage复位失败!!
19.08.45	警告	设备1 程序下载失败 
