09.38.39	正常	设备1 CRC = 0x2eb2e1d9
09.39.09	正常	设备1 程序下载成功 
09.42.26	正常	设备1 CRC = 0x6d670170
09.42.57	正常	设备1 程序下载成功 
09.46.50	正常	设备1 CRC = 0x2787ae0f
09.47.40	正常	设备1 程序下载成功 
09.50.05	正常	设备1 CRC = 0x460b4b4e
09.50.55	正常	设备1 程序下载成功 
09.56.16	正常	设备1 CRC = 0x4af4d787
09.57.06	正常	设备1 程序下载成功 
10.08.41	正常	设备1 CRC = 0x93a03212
10.09.33	正常	设备1 程序下载成功 
10.19.08	正常	设备1 CRC = 0xa1e2eff8
10.19.59	正常	设备1 程序下载成功 
10.21.53	正常	设备1 CRC = 0xa1e2eff8
10.22.44	正常	设备1 程序下载成功 
10.27.11	正常	设备1 CRC = 0x61b7c586
10.28.01	正常	设备1 程序下载成功 
10.30.49	正常	设备1 CRC = 0x6d670170
10.31.21	正常	设备1 程序下载成功 
10.48.00	正常	设备1 CRC = 0x4e495b91
10.48.51	正常	设备1 程序下载成功 
10.56.38	正常	设备1 CRC = 0x993c427e
10.57.29	正常	设备1 程序下载成功 
11.01.25	正常	设备1 CRC = 0xeb98edab
11.02.15	正常	设备1 程序下载成功 
11.09.54	正常	设备1 CRC = 0x3c926b06
11.09.55	错误	设备1 downImage复位失败!!
11.09.55	警告	设备1 程序下载失败 
11.10.08	正常	设备1 CRC = 0x3c926b06
11.10.59	正常	设备1 程序下载成功 
11.27.20	正常	设备1 CRC = 0x0da32ccf
11.27.51	正常	设备1 程序下载成功 
11.31.02	正常	设备1 CRC = 0x8bdf4aca
11.31.52	正常	设备1 程序下载成功 
11.35.49	正常	设备1 CRC = 0x0da32ccf
11.36.20	正常	设备1 程序下载成功 
11.41.04	正常	设备1 CRC = 0x8bdf4aca
11.41.55	正常	设备1 程序下载成功 
11.42.02	正常	设备1 CRC = 0x8bdf4aca
11.42.54	正常	设备1 程序下载成功 
11.47.37	正常	设备1 CRC = 0x62dcbcbf
11.48.27	正常	设备1 程序下载成功 
13.32.33	正常	设备1 CRC = 0xf934f776
13.33.24	正常	设备1 程序下载成功 
13.37.34	正常	设备1 CRC = 0x92ce3fa8
13.38.25	正常	设备1 程序下载成功 
14.07.31	正常	设备1 CRC = 0xfb714008
14.08.02	正常	设备1 程序下载成功 
14.13.03	正常	设备1 CRC = 0x44fbe347
14.13.04	错误	设备1 downImage复位失败!!
14.13.04	警告	设备1 程序下载失败 
14.13.11	正常	设备1 继续下载失败的bin文件！ 
14.14.02	正常	设备1 程序下载成功 
14.25.18	正常	设备1 CRC = 0xa3662670
14.26.08	正常	设备1 程序下载成功 
14.29.15	正常	设备1 CRC = 0x44fbe347
14.30.05	正常	设备1 程序下载成功 
14.34.28	正常	设备1 CRC = 0x7f5c975d
14.35.19	正常	设备1 程序下载成功 
14.40.04	正常	设备1 CRC = 0xcf51910c
14.40.36	正常	设备1 程序下载成功 
14.43.16	正常	设备1 CRC = 0xfb714008
14.43.47	正常	设备1 程序下载成功 
14.46.16	正常	设备1 CRC = 0x7c5243c6
14.47.06	正常	设备1 程序下载成功 
14.53.42	正常	设备1 CRC = 0x410ed2d8
14.54.34	正常	设备1 程序下载成功 
14.58.41	正常	设备1 CRC = 0xe63c77b7
14.59.32	正常	设备1 程序下载成功 
15.36.46	正常	设备1 CRC = 0x4a260087
15.37.35	正常	设备1 程序下载成功 
15.45.00	正常	设备1 CRC = 0xf07b42d1
15.45.50	正常	设备1 程序下载成功 
16.09.21	正常	设备1 CRC = 0x9fa95954
16.10.11	正常	设备1 程序下载成功 
16.19.16	正常	设备1 CRC = 0x562e3d50
16.20.07	正常	设备1 程序下载成功 
16.21.57	正常	设备1 CRC = 0x634e2569
16.22.48	正常	设备1 程序下载成功 
16.25.36	正常	设备1 CRC = 0x562e3d50
16.26.26	正常	设备1 程序下载成功 
16.30.05	正常	设备1 CRC = 0xd04a6ec5
16.30.55	正常	设备1 程序下载成功 
16.43.30	正常	设备1 CRC = 0xd04a6ec5
16.44.20	正常	设备1 程序下载成功 
16.52.48	正常	设备1 CRC = 0xd04a6ec5
16.53.38	正常	设备1 程序下载成功 
16.54.38	正常	设备1 resetflash复位成功!!
16.54.56	正常	设备1 CRC = 0xc4e8ca2c
16.54.56	错误	设备1 downImage复位失败!!
16.54.56	警告	设备1 程序下载失败 
16.55.08	正常	设备1 CRC = 0xc4e8ca2c
16.55.58	正常	设备1 程序下载成功 
17.02.53	正常	设备1 CRC = 0xac536c02
17.03.43	正常	设备1 程序下载成功 
17.20.01	正常	设备1 CRC = 0x5b006927
17.20.52	正常	设备1 程序下载成功 
17.47.25	正常	设备1 CRC = 0x840acb48
17.48.15	正常	设备1 程序下载成功 
18.09.50	正常	设备1 CRC = 0xd8e3ee6e
18.10.41	正常	设备1 程序下载成功 
18.13.38	正常	设备1 CRC = 0x741b118a
18.14.29	正常	设备1 程序下载成功 
18.20.11	正常	设备1 CRC = 0x741b118a
18.20.12	错误	设备1 downImage复位失败!!
18.20.12	警告	设备1 程序下载失败 
18.20.33	正常	设备1 CRC = 0x741b118a
18.21.23	正常	设备1 程序下载成功 
18.51.10	正常	设备1 CRC = 0x3287efe5
18.52.00	正常	设备1 程序下载成功 
18.55.24	正常	设备1 CRC = 0x2cf46989
18.56.15	正常	设备1 程序下载成功 
19.45.33	正常	设备1 CRC = 0xca6499d3
19.46.23	正常	设备1 程序下载成功 
19.50.00	正常	设备1 CRC = 0x5cb8fd66
19.50.51	正常	设备1 程序下载成功 
20.00.18	正常	设备1 CRC = 0xbeda2d2e
20.01.10	正常	设备1 程序下载成功 
