09.36.51	正常	设备1 CRC = 0xc51a0c38
09.37.55	正常	设备1 程序下载成功 
09.43.48	正常	设备1 CRC = 0x727b1a0e
09.44.53	正常	设备1 程序下载成功 
09.45.43	正常	设备1 CRC = 0x727b1a0e
09.46.48	正常	设备1 程序下载成功 
09.58.39	正常	设备1 CRC = 0xacb98390
09.59.43	正常	设备1 程序下载成功 
10.15.15	正常	设备1 CRC = 0x564483a2
10.16.11	警告	设备1 写入Bin文件超时-1！ 
10.16.11	警告	设备1 程序下载失败 
10.17.34	正常	设备1 CRC = 0x564483a2
10.18.38	正常	设备1 程序下载成功 
10.19.24	正常	设备1 CRC = 0x564483a2
10.19.24	错误	设备1 downImage复位失败!!
10.19.24	警告	设备1 程序下载失败 
10.19.35	正常	设备1 CRC = 0x564483a2
10.20.46	正常	设备1 程序下载成功 
10.27.41	正常	设备1 CRC = 0xfd6775ee
10.28.46	正常	设备1 程序下载成功 
10.35.55	正常	设备1 CRC = 0x4c02a938
10.36.59	正常	设备1 程序下载成功 
11.09.40	正常	设备1 CRC = 0x2012144f
11.10.44	正常	设备1 程序下载成功 
11.24.12	正常	设备1 CRC = 0xf2b0e777
11.25.16	正常	设备1 程序下载成功 
13.55.18	正常	设备1 CRC = 0xd29f9f71
13.56.22	正常	设备1 程序下载成功 
14.01.44	正常	设备1 CRC = 0x9d7dfb52
14.02.48	正常	设备1 程序下载成功 
14.32.52	正常	设备1 CRC = 0x0157529e
14.33.56	正常	设备1 程序下载成功 
14.53.00	正常	设备1 CRC = 0x28618f7a
14.54.04	正常	设备1 程序下载成功 
15.10.45	正常	设备1 CRC = 0x1b8b40ac
15.11.51	正常	设备1 程序下载成功 
15.33.13	正常	设备1 CRC = 0x99453c14
15.34.18	正常	设备1 程序下载成功 
15.42.50	正常	设备1 CRC = 0x81de34c9
15.43.55	正常	设备1 程序下载成功 
15.47.52	正常	设备1 CRC = 0x262ca2f4
15.48.56	正常	设备1 程序下载成功 
15.56.27	正常	设备1 CRC = 0x3297aeac
15.57.32	正常	设备1 程序下载成功 
16.03.48	正常	设备1 CRC = 0x0f3899ee
16.04.53	正常	设备1 程序下载成功 
16.10.54	正常	设备1 CRC = 0x6f95b525
16.11.59	正常	设备1 程序下载成功 
16.25.53	正常	设备1 CRC = 0x441cae29
16.26.57	正常	设备1 程序下载成功 
16.50.44	正常	设备1 CRC = 0x7ed2ad5b
16.51.14	正常	设备1 程序下载成功 
17.21.38	正常	设备1 CRC = 0x5cf0d8f9
17.22.42	正常	设备1 程序下载成功 
17.57.17	正常	设备1 CRC = 0x5cf0d8f9
17.58.22	正常	设备1 程序下载成功 
