09.22.12	正常	设备1 CRC = 0x5afd6b12
09.22.44	正常	设备1 程序下载成功 
09.27.49	正常	设备1 CRC = 0x73ccc92b
09.28.20	正常	设备1 程序下载成功 
09.30.39	正常	设备1 CRC = 0x534301cd
09.31.11	正常	设备1 程序下载成功 
09.32.17	正常	设备1 CRC = 0x534301cd
09.32.48	正常	设备1 程序下载成功 
09.55.32	正常	设备1 CRC = 0xb5bccec6
09.56.04	正常	设备1 程序下载成功 
10.00.52	正常	设备1 CRC = 0xb34e96da
10.01.23	正常	设备1 程序下载成功 
10.16.36	正常	设备1 CRC = 0x12e7b2ec
10.16.36	错误	设备1 downImage复位失败!!
10.16.36	警告	设备1 程序下载失败 
10.16.48	正常	设备1 CRC = 0x12e7b2ec
10.17.19	正常	设备1 程序下载成功 
10.31.31	正常	设备1 CRC = 0x68364b50
10.32.03	正常	设备1 程序下载成功 
10.46.35	正常	设备1 CRC = 0xc6410f8e
10.47.06	正常	设备1 程序下载成功 
10.49.36	正常	设备1 CRC = 0xba4659e2
10.50.07	正常	设备1 程序下载成功 
11.01.15	正常	设备1 CRC = 0xc1ea0867
11.01.47	正常	设备1 程序下载成功 
11.37.48	正常	设备1 CRC = 0xc174db89
11.38.19	正常	设备1 程序下载成功 
11.38.51	正常	设备1 CRC = 0xc174db89
11.39.23	正常	设备1 程序下载成功 
13.42.07	正常	设备1 CRC = 0xbee682fd
13.42.38	正常	设备1 程序下载成功 
13.54.03	正常	设备1 CRC = 0xc0752e20
13.54.36	正常	设备1 程序下载成功 
14.19.04	正常	设备1 CRC = 0x7dcb1a30
14.19.35	正常	设备1 程序下载成功 
14.42.33	正常	设备1 CRC = 0xeb9b77b6
14.43.05	正常	设备1 程序下载成功 
14.50.30	正常	设备1 CRC = 0x90f9e875
14.51.01	正常	设备1 程序下载成功 
14.56.44	正常	设备1 CRC = 0xc7391e5b
14.56.45	错误	设备1 downImage复位失败!!
14.56.45	警告	设备1 程序下载失败 
14.56.51	正常	设备1 继续下载失败的bin文件！ 
14.57.23	正常	设备1 程序下载成功 
16.01.08	正常	设备1 CRC = 0xebefa585
16.01.39	正常	设备1 程序下载成功 
16.04.50	正常	设备1 CRC = 0x03c8f090
16.05.22	正常	设备1 程序下载成功 
16.35.13	正常	设备1 CRC = 0xb3d95e0f
16.35.44	正常	设备1 程序下载成功 
17.01.26	正常	设备1 CRC = 0x51441a3e
17.01.39	正常	设备1 程序下载成功 
17.04.23	正常	设备1 CRC = 0xbdf1fdca
17.04.54	正常	设备1 程序下载成功 
17.06.03	正常	设备1 CRC = 0x033eb55b
17.06.16	正常	设备1 程序下载成功 
17.07.03	正常	设备1 CRC = 0x388f18c9
17.07.35	正常	设备1 程序下载成功 
17.28.05	正常	设备1 CRC = 0xa9f4ff2e
17.28.38	正常	设备1 程序下载成功 
17.32.07	正常	设备1 CRC = 0x47bbb4c9
17.32.44	正常	设备1 程序下载成功 
17.46.23	正常	设备1 CRC = 0xfebc1677
17.46.55	正常	设备1 程序下载成功 
17.47.32	正常	设备1 CRC = 0xfebc1677
17.48.04	正常	设备1 程序下载成功 
17.50.20	正常	设备1 CRC = 0xc46e97ea
17.50.53	正常	设备1 程序下载成功 
18.22.36	正常	设备1 CRC = 0xfebc1677
18.23.08	正常	设备1 程序下载成功 
18.59.33	正常	设备1 CRC = 0x54d5fe5b
19.00.05	正常	设备1 程序下载成功 
19.05.09	正常	设备1 CRC = 0x54d5fe5b
19.05.41	正常	设备1 程序下载成功 
19.14.06	正常	设备1 CRC = 0x08a7e3fe
19.14.37	正常	设备1 程序下载成功 
19.16.27	正常	设备1 CRC = 0x7883581b
19.16.58	正常	设备1 程序下载成功 
19.21.53	正常	设备1 CRC = 0xa38a711c
19.22.25	正常	设备1 程序下载成功 
20.08.23	正常	设备1 CRC = 0x9f31766d
20.08.55	正常	设备1 程序下载成功 
