09.14.37	正常	设备1 CRC = 0x5937c96f
09.15.08	正常	设备1 程序下载成功 
09.15.27	正常	设备1 CRC = 0x5937c96f
09.15.59	正常	设备1 程序下载成功 
09.23.35	正常	设备1 CRC = 0x5b0874af
09.23.36	错误	设备1 downImage复位失败!!
09.23.36	警告	设备1 程序下载失败 
09.23.41	正常	设备1 CRC = 0x5b0874af
09.23.41	错误	设备1 downImage复位失败!!
09.23.41	警告	设备1 程序下载失败 
09.23.52	正常	设备1 CRC = 0x5b0874af
09.24.23	正常	设备1 程序下载成功 
09.24.32	正常	设备1 CRC = 0x5b0874af
09.25.03	正常	设备1 程序下载成功 
09.42.11	正常	设备1 CRC = 0x7d8e1e57
09.42.11	错误	设备1 downImage复位失败!!
09.42.11	警告	设备1 程序下载失败 
09.42.25	正常	设备1 CRC = 0x7d8e1e57
09.42.26	错误	设备1 downImage复位失败!!
09.42.26	警告	设备1 程序下载失败 
09.42.42	正常	设备1 CRC = 0x7d8e1e57
09.42.43	错误	设备1 downImage复位失败!!
09.42.43	警告	设备1 程序下载失败 
09.43.16	正常	设备1 CRC = 0x7d8e1e57
09.43.16	错误	设备1 downImage复位失败!!
09.43.17	警告	设备1 程序下载失败 
09.45.22	正常	设备1 CRC = 0x7d8e1e57
09.45.23	错误	设备1 downImage复位失败!!
09.45.23	警告	设备1 程序下载失败 
09.45.24	正常	设备1 继续下载失败的bin文件！ 
09.45.25	错误	设备1 downImage复位失败!!
09.45.25	警告	设备1 程序下载失败 
09.45.26	正常	设备1 继续下载失败的bin文件！ 
09.45.27	错误	设备1 downImage复位失败!!
09.45.27	警告	设备1 程序下载失败 
09.45.30	正常	设备1 继续下载失败的bin文件！ 
09.45.30	错误	设备1 downImage复位失败!!
09.45.30	警告	设备1 程序下载失败 
09.46.59	正常	设备1 CRC = 0x7d8e1e57
09.47.00	错误	设备1 downImage复位失败!!
09.47.00	警告	设备1 程序下载失败 
09.47.01	正常	设备1 继续下载失败的bin文件！ 
09.47.02	错误	设备1 downImage复位失败!!
09.47.02	警告	设备1 程序下载失败 
09.47.27	正常	设备1 CRC = 0x7d8e1e57
09.47.27	错误	设备1 downImage复位失败!!
09.47.27	警告	设备1 程序下载失败 
09.47.29	正常	设备1 继续下载失败的bin文件！ 
09.47.30	错误	设备1 downImage复位失败!!
09.47.30	警告	设备1 程序下载失败 
09.48.33	正常	设备1 CRC = 0x7d8e1e57
09.48.33	错误	设备1 downImage复位失败!!
09.48.34	警告	设备1 程序下载失败 
09.48.43	正常	设备1 继续下载失败的bin文件！ 
09.49.15	正常	设备1 程序下载成功 
09.49.35	正常	设备1 CRC = 0x7d8e1e57
09.50.01	警告	设备1 写入Bin文件超时-1！ 
09.50.01	警告	设备1 程序下载失败 
09.50.03	错误	设备1 Vpp关闭操作超时！
09.50.16	正常	设备1 继续下载失败的bin文件！ 
09.50.48	正常	设备1 程序下载成功 
10.46.47	正常	设备1 CRC = 0x7450ac38
10.47.18	正常	设备1 程序下载成功 
10.48.41	正常	设备1 CRC = 0x7450ac38
10.49.12	正常	设备1 程序下载成功 
11.20.24	正常	设备1 CRC = 0xc7d32026
11.20.24	错误	设备1 downImage复位失败!!
11.20.24	警告	设备1 程序下载失败 
11.20.30	正常	设备1 继续下载失败的bin文件！ 
11.21.01	正常	设备1 程序下载成功 
11.21.15	正常	设备1 CRC = 0xc7d32026
11.21.47	正常	设备1 程序下载成功 
11.22.05	正常	设备1 CRC = 0xc7d32026
11.22.37	正常	设备1 程序下载成功 
11.53.48	正常	设备1 CRC = 0xb385295f
11.54.19	正常	设备1 程序下载成功 
11.54.29	正常	设备1 CRC = 0xb385295f
11.55.47	警告	设备1 写入Bin文件超时-1！ 
11.55.47	警告	设备1 程序下载失败 
11.55.49	错误	设备1 Vpp关闭操作超时！
11.56.02	正常	设备1 CRC = 0xb385295f
11.56.33	正常	设备1 程序下载成功 
11.56.41	正常	设备1 CRC = 0xb385295f
11.57.12	正常	设备1 程序下载成功 
13.43.32	正常	设备1 CRC = 0x30f37043
13.43.32	错误	设备1 downImage复位失败!!
13.43.32	警告	设备1 程序下载失败 
13.43.44	正常	设备1 CRC = 0x30f37043
13.43.44	错误	设备1 downImage复位失败!!
13.43.44	警告	设备1 程序下载失败 
13.43.59	正常	设备1 继续下载失败的bin文件！ 
13.43.59	错误	设备1 downImage复位失败!!
13.43.59	警告	设备1 程序下载失败 
13.44.26	正常	设备1 CRC = 0x30f37043
13.44.27	错误	设备1 downImage复位失败!!
13.44.27	警告	设备1 程序下载失败 
13.44.51	正常	设备1 CRC = 0x30f37043
13.44.52	错误	设备1 downImage复位失败!!
13.44.52	警告	设备1 程序下载失败 
13.45.30	正常	设备1 CRC = 0x30f37043
13.46.02	正常	设备1 程序下载成功 
13.46.07	正常	设备1 CRC = 0x30f37043
13.46.39	正常	设备1 程序下载成功 
13.53.25	正常	设备1 CRC = 0x34f926ab
13.53.26	错误	设备1 downImage复位失败!!
13.53.26	警告	设备1 程序下载失败 
13.53.55	正常	设备1 CRC = 0x34f926ab
13.55.01	正常	设备1 程序下载成功 
13.57.35	正常	设备1 CRC = 0x8db1cce6
13.57.35	错误	设备1 downImage复位失败!!
13.57.35	警告	设备1 程序下载失败 
13.57.45	正常	设备1 继续下载失败的bin文件！ 
13.57.46	错误	设备1 downImage复位失败!!
13.57.46	警告	设备1 程序下载失败 
13.57.50	正常	设备1 继续下载失败的bin文件！ 
13.57.51	错误	设备1 downImage复位失败!!
13.57.51	警告	设备1 程序下载失败 
13.57.57	正常	设备1 继续下载失败的bin文件！ 
13.57.57	错误	设备1 downImage复位失败!!
13.57.57	警告	设备1 程序下载失败 
13.58.01	正常	设备1 CRC = 0x8db1cce6
13.58.02	错误	设备1 downImage复位失败!!
13.58.02	警告	设备1 程序下载失败 
13.58.16	正常	设备1 CRC = 0x8db1cce6
13.58.17	错误	设备1 downImage复位失败!!
13.58.17	警告	设备1 程序下载失败 
13.58.29	正常	设备1 CRC = 0x8db1cce6
13.58.30	错误	设备1 downImage复位失败!!
13.58.30	警告	设备1 程序下载失败 
13.59.14	正常	设备1 CRC = 0x8db1cce6
14.00.24	正常	设备1 程序下载成功 
14.24.41	正常	设备1 CRC = 0xbd4f3270
14.25.12	正常	设备1 程序下载成功 
14.29.42	正常	设备1 CRC = 0x0186b826
14.30.14	正常	设备1 程序下载成功 
14.30.41	正常	设备1 CRC = 0x0186b826
14.31.12	正常	设备1 程序下载成功 
14.31.36	正常	设备1 CRC = 0x0186b826
14.32.07	正常	设备1 程序下载成功 
14.43.06	正常	设备1 CRC = 0x302ff6f3
14.43.39	正常	设备1 程序下载成功 
14.43.55	正常	设备1 CRC = 0x302ff6f3
14.44.23	正常	设备1 程序下载成功 
14.54.36	正常	设备1 CRC = 0x302ff6f3
14.54.36	错误	设备1 downImage复位失败!!
14.54.36	警告	设备1 程序下载失败 
14.54.37	正常	设备1 继续下载失败的bin文件！ 
14.54.38	错误	设备1 downImage复位失败!!
14.54.38	警告	设备1 程序下载失败 
14.54.40	正常	设备1 继续下载失败的bin文件！ 
14.54.40	错误	设备1 downImage复位失败!!
14.54.40	警告	设备1 程序下载失败 
15.04.08	正常	设备1 CRC = 0x302ff6f3
15.04.36	正常	设备1 程序下载成功 
15.11.59	正常	设备1 CRC = 0x10f7fe28
15.12.30	正常	设备1 程序下载成功 
15.13.15	正常	设备1 CRC = 0x10f7fe28
15.13.46	正常	设备1 程序下载成功 
