09.10.23	正常	设备1 CRC = 0x3aeeabae
09.11.14	正常	设备1 程序下载成功 
09.12.47	正常	设备1 CRC = 0x3aeeabae
09.13.37	正常	设备1 程序下载成功 
09.56.39	正常	设备1 CRC = 0xecc9a629
09.57.30	正常	设备1 程序下载成功 
10.11.46	正常	设备1 CRC = 0xdca5cf5d
10.12.37	正常	设备1 程序下载成功 
10.16.11	正常	设备1 CRC = 0xdca5cf5d
10.17.03	正常	设备1 程序下载成功 
10.45.51	正常	设备1 CRC = 0x05844c59
10.46.43	正常	设备1 程序下载成功 
10.48.57	正常	设备1 CRC = 0x05844c59
10.49.48	正常	设备1 程序下载成功 
11.27.57	正常	设备1 CRC = 0x68faa343
11.28.47	正常	设备1 程序下载成功 
11.43.52	正常	设备1 CRC = 0x6a13213d
11.44.44	正常	设备1 程序下载成功 
13.34.54	正常	设备1 CRC = 0x0ad72537
13.35.44	正常	设备1 程序下载成功 
13.38.20	正常	设备1 CRC = 0xb54d52f1
13.39.10	正常	设备1 程序下载成功 
13.47.30	正常	设备1 CRC = 0x95edc512
13.48.20	正常	设备1 程序下载成功 
13.55.40	正常	设备1 CRC = 0x64fdc0fc
13.56.30	警告	设备1 写入Bin文件超时-1！ 
13.56.30	警告	设备1 程序下载失败 
13.56.32	错误	设备1 Vpp关闭操作超时！
13.56.49	正常	设备1 CRC = 0x64fdc0fc
13.57.39	正常	设备1 程序下载成功 
13.58.24	正常	设备1 CRC = 0x64fdc0fc
13.59.14	正常	设备1 程序下载成功 
14.00.04	正常	设备1 CRC = 0x64fdc0fc
14.00.54	正常	设备1 程序下载成功 
14.08.44	正常	设备1 CRC = 0xd85d78cf
14.08.45	错误	设备1 downImage复位失败!!
14.08.45	警告	设备1 程序下载失败 
14.08.57	正常	设备1 CRC = 0xd85d78cf
14.09.47	正常	设备1 程序下载成功 
14.10.26	正常	设备1 CRC = 0xd85d78cf
14.11.16	正常	设备1 程序下载成功 
14.17.45	正常	设备1 CRC = 0xd99681e0
14.18.36	正常	设备1 程序下载成功 
14.19.38	正常	设备1 CRC = 0xd99681e0
14.20.28	正常	设备1 程序下载成功 
14.24.02	正常	设备1 CRC = 0xd85d78cf
14.24.52	正常	设备1 程序下载成功 
14.28.30	正常	设备1 CRC = 0xd85d78cf
14.29.20	正常	设备1 程序下载成功 
14.38.59	正常	设备1 CRC = 0xd99681e0
14.39.50	正常	设备1 程序下载成功 
14.49.06	正常	设备1 CRC = 0x6433c53b
14.49.56	正常	设备1 程序下载成功 
14.54.58	正常	设备1 CRC = 0x4a4199d1
14.55.49	正常	设备1 程序下载成功 
14.58.00	正常	设备1 CRC = 0xd8611a06
14.58.51	正常	设备1 程序下载成功 
15.00.02	正常	设备1 CRC = 0xd8611a06
15.00.52	正常	设备1 程序下载成功 
15.02.26	正常	设备1 CRC = 0xd8611a06
15.03.16	正常	设备1 程序下载成功 
15.07.45	正常	设备1 CRC = 0xd8611a06
15.08.35	正常	设备1 程序下载成功 
15.11.53	正常	设备1 CRC = 0xd8611a06
15.12.44	正常	设备1 程序下载成功 
15.27.12	正常	设备1 CRC = 0xffc27e3b
15.28.03	正常	设备1 程序下载成功 
15.29.24	正常	设备1 CRC = 0xffc27e3b
15.30.14	正常	设备1 程序下载成功 
15.35.51	正常	设备1 CRC = 0xdcbcc59b
15.36.22	正常	设备1 程序下载成功 
15.38.05	正常	设备1 CRC = 0xdcbcc59b
15.38.36	正常	设备1 程序下载成功 
15.38.55	正常	设备1 CRC = 0xdcbcc59b
15.39.25	正常	设备1 程序下载成功 
15.46.52	正常	设备1 CRC = 0x00ecf26d
15.47.42	正常	设备1 程序下载成功 
15.48.12	正常	设备1 CRC = 0x00ecf26d
15.49.02	正常	设备1 程序下载成功 
15.55.09	正常	设备1 CRC = 0x7223c0af
15.55.59	正常	设备1 程序下载成功 
16.13.37	正常	设备1 CRC = 0xce0b271d
16.14.27	正常	设备1 程序下载成功 
16.14.38	正常	设备1 CRC = 0xce0b271d
16.15.28	正常	设备1 程序下载成功 
16.20.00	正常	设备1 CRC = 0xfc2f2eb5
16.20.50	正常	设备1 程序下载成功 
16.34.30	正常	设备1 CRC = 0x2dfd3f61
16.35.20	正常	设备1 程序下载成功 
16.35.33	正常	设备1 CRC = 0x2dfd3f61
16.36.22	正常	设备1 程序下载成功 
16.41.48	正常	设备1 CRC = 0xd6badc90
16.42.38	正常	设备1 程序下载成功 
17.57.23	正常	设备1 CRC = 0xfa5e3c9b
17.58.14	正常	设备1 程序下载成功 
18.03.57	正常	设备1 CRC = 0xfd0ae775
18.05.29	正常	设备1 程序下载成功 
18.17.41	正常	设备1 CRC = 0xb2bdf97e
18.18.31	正常	设备1 程序下载成功 
