09.54.20	正常	设备1 CRC = 0x23ab092f
09.55.25	正常	设备1 程序下载成功 
10.04.42	正常	设备1 CRC = 0xe1a54b1a
10.05.46	正常	设备1 程序下载成功 
10.34.10	正常	设备1 CRC = 0x78371fb6
10.35.15	正常	设备1 程序下载成功 
10.47.05	正常	设备1 CRC = 0xc4bdd2d3
10.48.09	正常	设备1 程序下载成功 
10.51.17	正常	设备1 CRC = 0x2f0fafe3
10.52.22	正常	设备1 程序下载成功 
11.43.20	正常	设备1 CRC = 0xe58691bc
11.43.21	错误	设备1 downImage复位失败!!
11.43.21	警告	设备1 程序下载失败 
11.43.31	正常	设备1 继续下载失败的bin文件！ 
11.44.35	正常	设备1 程序下载成功 
16.55.09	正常	设备1 CRC = 0xfd6c565e
16.55.40	正常	设备1 程序下载成功 
18.23.17	正常	设备1 CRC = 0xd704ffc8
18.24.21	正常	设备1 程序下载成功 
18.30.45	正常	设备1 CRC = 0x6f537097
18.31.49	正常	设备1 程序下载成功 
