14.26.25	正常	设备1 CRC = 0x859daa26
14.26.25	错误	设备1 downImage复位失败!!
14.26.25	警告	设备1 程序下载失败 
14.26.58	正常	设备1 CRC = 0x859daa26
14.28.03	正常	设备1 程序下载成功 
16.13.03	正常	设备1 CRC = 0xa7ebc724
16.13.28	正常	设备1 程序下载成功 
17.27.33	正常	设备1 CRC = 0x97015955
17.28.04	正常	设备1 程序下载成功 
17.43.07	正常	设备1 CRC = 0x97015955
17.43.07	错误	设备1 downImage复位失败!!
17.43.07	警告	设备1 程序下载失败 
17.43.12	正常	设备1 继续下载失败的bin文件！ 
17.43.43	正常	设备1 程序下载成功 
17.48.55	正常	设备1 CRC = 0x0c941b69
17.49.27	正常	设备1 程序下载成功 
17.53.27	正常	设备1 CRC = 0x0c941b69
17.53.59	正常	设备1 程序下载成功 
18.11.37	正常	设备1 CRC = 0x073feecc
18.11.38	错误	设备1 downImage复位失败!!
18.11.38	警告	设备1 程序下载失败 
18.15.30	正常	设备1 CRC = 0x073feecc
18.16.02	正常	设备1 程序下载成功 
18.16.25	正常	设备1 CRC = 0x073feecc
18.16.57	正常	设备1 程序下载成功 
18.31.43	正常	设备1 CRC = 0x0b36591b
18.32.15	正常	设备1 程序下载成功 
18.33.08	正常	设备1 CRC = 0x0b36591b
18.33.40	正常	设备1 程序下载成功 
