11.01.33	正常	设备1 CRC = 0x7b806df9
11.02.04	正常	设备1 程序下载成功 
11.33.10	正常	设备1 CRC = 0xd95828e0
11.34.15	正常	设备1 程序下载成功 
11.43.14	正常	设备1 CRC = 0x6555917d
11.43.14	错误	设备1 downImage复位失败!!
11.43.14	警告	设备1 程序下载失败 
11.44.04	正常	设备1 CRC = 0x6555917d
11.45.09	正常	设备1 程序下载成功 
11.46.58	正常	设备1 CRC = 0x6555917d
11.48.02	正常	设备1 程序下载成功 
11.53.01	正常	设备1 CRC = 0x36788c25
11.53.32	正常	设备1 程序下载成功 
11.54.30	正常	设备1 CRC = 0x36788c25
11.55.01	正常	设备1 程序下载成功 
13.43.52	正常	设备1 CRC = 0x8da1ad0e
13.44.23	正常	设备1 程序下载成功 
13.52.01	正常	设备1 CRC = 0x36788c25
13.52.32	正常	设备1 程序下载成功 
16.12.39	正常	设备1 CRC = 0x9c21b328
16.12.40	错误	设备1 downImage复位失败!!
16.12.40	警告	设备1 程序下载失败 
16.12.47	正常	设备1 继续下载失败的bin文件！ 
16.12.47	错误	设备1 downImage复位失败!!
16.12.47	警告	设备1 程序下载失败 
16.13.56	正常	设备1 CRC = 0x9c21b328
16.14.01	正常	设备1 程序下载成功 
16.25.57	正常	设备1 CRC = 0xa7ebc724
16.26.22	正常	设备1 程序下载成功 
17.33.49	正常	设备1 CRC = 0xe0cb2e1d
17.34.15	正常	设备1 程序下载成功 
17.41.11	正常	设备1 CRC = 0x25164747
17.41.35	正常	设备1 程序下载成功 
17.46.45	正常	设备1 CRC = 0x9322f242
17.47.10	正常	设备1 程序下载成功 
17.49.05	正常	设备1 CRC = 0x25164747
17.49.39	错误	设备1 芯片结束下载超时！
17.49.39	警告	设备1 程序下载失败 
17.49.41	错误	设备1 Vpp关闭操作超时！
17.49.50	正常	设备1 CRC = 0x25164747
17.50.14	正常	设备1 程序下载成功 
18.14.13	正常	设备1 CRC = 0x7a0df6c9
18.14.38	正常	设备1 程序下载成功 
18.18.35	正常	设备1 CRC = 0x7a0df6c9
18.18.40	警告	设备1 写入Bin文件超时-1！ 
18.18.40	警告	设备1 程序下载失败 
18.18.41	错误	设备1 Vpp关闭操作超时！
18.19.49	正常	设备1 CRC = 0x6ee33a7e
18.20.12	正常	设备1 程序下载成功 
18.20.36	正常	设备1 CRC = 0x6ee33a7e
18.21.01	正常	设备1 程序下载成功 
18.32.27	正常	设备1 CRC = 0x449cb100
18.32.51	正常	设备1 程序下载成功 
18.35.37	正常	设备1 CRC = 0x449cb100
18.36.02	正常	设备1 程序下载成功 
18.41.04	正常	设备1 CRC = 0x23eb413f
18.41.04	错误	设备1 Vpp打开失败(!=0xee)！
18.41.17	正常	设备1 CRC = 0x23eb413f
18.41.41	正常	设备1 程序下载成功 
