11.23.07	正常	设备1 CRC = 0x8170f9e6
11.23.38	正常	设备1 程序下载成功 
11.24.00	正常	设备1 CRC = 0x8170f9e6
11.24.31	正常	设备1 程序下载成功 
11.43.03	正常	设备1 CRC = 0xb590f2bc
11.43.34	正常	设备1 程序下载成功 
11.48.33	正常	设备1 CRC = 0x859daa26
11.49.39	正常	设备1 程序下载成功 
11.56.52	正常	设备1 CRC = 0x40e602f3
11.57.23	正常	设备1 程序下载成功 
11.57.54	正常	设备1 CRC = 0x40e602f3
11.57.55	错误	设备1 downImage复位失败!!
11.57.55	警告	设备1 程序下载失败 
11.58.21	正常	设备1 CRC = 0x40e602f3
11.58.21	错误	设备1 downImage复位失败!!
11.58.21	警告	设备1 程序下载失败 
11.58.25	正常	设备1 继续下载失败的bin文件！ 
11.58.56	正常	设备1 程序下载成功 
13.40.02	正常	设备1 CRC = 0x40e602f3
13.40.03	错误	设备1 downImage复位失败!!
13.40.03	警告	设备1 程序下载失败 
13.40.07	正常	设备1 继续下载失败的bin文件！ 
13.40.39	正常	设备1 程序下载成功 
19.57.28	正常	设备1 CRC = 0xba0a7067
19.58.01	正常	设备1 程序下载成功 
19.59.55	正常	设备1 CRC = 0xba0a7067
20.00.27	正常	设备1 程序下载成功 
