14.48.04	正常	设备1 CRC = 0xeb66f836
14.49.11	正常	设备1 程序下载成功 
15.24.11	正常	设备1 CRC = 0x3b084670
15.25.22	正常	设备1 程序下载成功 
15.25.41	正常	设备1 CRC = 0x3b084670
15.25.41	错误	设备1 downImage复位失败!!
15.25.41	警告	设备1 程序下载失败 
15.25.55	正常	设备1 CRC = 0x3b084670
15.27.03	正常	设备1 程序下载成功 
15.40.46	正常	设备1 CRC = 0x50b393e0
15.41.54	正常	设备1 程序下载成功 
15.42.05	正常	设备1 CRC = 0x50b393e0
15.42.06	错误	设备1 downImage复位失败!!
15.42.06	警告	设备1 程序下载失败 
15.42.13	正常	设备1 CRC = 0x50b393e0
15.43.21	正常	设备1 程序下载成功 
15.56.39	正常	设备1 CRC = 0x0dbfa6a4
15.57.46	正常	设备1 程序下载成功 
16.28.43	正常	设备1 CRC = 0xbb4dc4c5
16.29.48	正常	设备1 程序下载成功 
16.30.42	正常	设备1 CRC = 0xbb4dc4c5
16.31.48	正常	设备1 程序下载成功 
16.54.29	正常	设备1 CRC = 0x9ca80597
16.55.34	正常	设备1 程序下载成功 
17.06.49	正常	设备1 CRC = 0xa9462e07
17.07.54	正常	设备1 程序下载成功 
17.14.02	正常	设备1 CRC = 0x8f9ab080
17.15.07	正常	设备1 程序下载成功 
17.29.11	正常	设备1 CRC = 0x00b4d51d
17.30.15	正常	设备1 程序下载成功 
17.32.10	正常	设备1 CRC = 0x8f9ab080
17.33.16	正常	设备1 程序下载成功 
17.35.36	正常	设备1 CRC = 0x8f9ab080
17.36.41	正常	设备1 程序下载成功 
18.32.53	正常	设备1 CRC = 0x00b4d51d
18.33.57	正常	设备1 程序下载成功 
18.35.16	正常	设备1 CRC = 0x00b4d51d
18.36.20	正常	设备1 程序下载成功 
18.48.59	正常	设备1 CRC = 0xa50a74d8
18.50.03	正常	设备1 程序下载成功 
18.57.01	正常	设备1 CRC = 0x8f9ab080
18.58.07	正常	设备1 程序下载成功 
19.05.22	正常	设备1 CRC = 0x8f9ab080
19.06.28	正常	设备1 程序下载成功 
19.20.19	正常	设备1 CRC = 0xceb374a8
19.20.20	错误	设备1 downImage复位失败!!
19.20.20	警告	设备1 程序下载失败 
19.20.56	正常	设备1 CRC = 0xceb374a8
19.22.02	正常	设备1 程序下载成功 
19.22.10	正常	设备1 CRC = 0xceb374a8
19.23.16	正常	设备1 程序下载成功 
19.24.39	正常	设备1 CRC = 0xceb374a8
19.25.45	正常	设备1 程序下载成功 
19.35.53	正常	设备1 CRC = 0xd8923bd7
19.36.59	正常	设备1 程序下载成功 
20.19.40	正常	设备1 CRC = 0x0c86eb88
20.19.53	警告	设备1 写入Bin文件超时-1！ 
20.19.53	警告	设备1 程序下载失败 
20.21.29	正常	设备1 CRC = 0x0c86eb88
20.21.42	警告	设备1 写入Bin文件超时-1！ 
20.21.42	警告	设备1 程序下载失败 
