09.36.19	正常	设备1 CRC = 0x0a6ebfad
09.36.50	正常	设备1 程序下载成功 
09.38.44	正常	设备1 CRC = 0x5edbb2c0
09.39.17	正常	设备1 程序下载成功 
10.25.16	正常	设备1 CRC = 0xe86bc428
10.25.48	正常	设备1 程序下载成功 
10.30.26	正常	设备1 CRC = 0xe86bc428
10.30.58	正常	设备1 程序下载成功 
18.36.51	正常	设备1 CRC = 0x30ec27a9
18.37.23	正常	设备1 程序下载成功 
18.42.50	正常	设备1 CRC = 0x23f1188d
18.43.22	正常	设备1 程序下载成功 
18.48.24	正常	设备1 CRC = 0xfc89e0c2
18.48.56	正常	设备1 程序下载成功 
18.50.54	正常	设备1 CRC = 0xfc89e0c2
18.50.55	错误	设备1 downImage复位失败!!
18.50.55	警告	设备1 程序下载失败 
18.51.11	正常	设备1 CRC = 0xfc89e0c2
18.51.44	正常	设备1 程序下载成功 
19.04.36	正常	设备1 CRC = 0x34f926ab
19.04.37	错误	设备1 downImage复位失败!!
19.04.37	警告	设备1 程序下载失败 
19.04.45	正常	设备1 CRC = 0x34f926ab
19.05.52	正常	设备1 程序下载成功 
19.08.00	正常	设备1 CRC = 0x00b4d51d
19.08.00	错误	设备1 downImage复位失败!!
19.08.00	警告	设备1 程序下载失败 
19.08.24	正常	设备1 CRC = 0x00b4d51d
19.08.24	错误	设备1 downImage复位失败!!
19.08.24	警告	设备1 程序下载失败 
19.08.33	正常	设备1 继续下载失败的bin文件！ 
19.09.42	正常	设备1 程序下载成功 
19.10.28	正常	设备1 CRC = 0x00b4d51d
19.10.28	错误	设备1 Vpp打开失败(!=0xee)！
19.10.31	正常	设备1 CRC = 0x00b4d51d
19.10.31	错误	设备1 Vpp打开失败(!=0xee)！
19.10.39	正常	设备1 CRC = 0x00b4d51d
19.10.40	错误	设备1 Vpp打开失败(!=0xee)！
19.10.58	正常	设备1 CRC = 0x00b4d51d
19.12.05	正常	设备1 程序下载成功 
19.13.11	正常	设备1 CRC = 0x00b4d51d
19.14.18	正常	设备1 程序下载成功 
19.15.12	正常	设备1 CRC = 0x00b4d51d
19.16.19	正常	设备1 程序下载成功 
