09.27.20	正常	设备1 CRC = 0x9ecb7232
09.27.52	正常	设备1 程序下载成功 
09.37.24	正常	设备1 CRC = 0x9ee1e3a4
09.37.56	正常	设备1 程序下载成功 
09.42.07	正常	设备1 CRC = 0x03276d68
09.42.39	正常	设备1 程序下载成功 
09.54.57	正常	设备1 CRC = 0xba0b8411
09.55.28	正常	设备1 程序下载成功 
10.05.59	正常	设备1 CRC = 0x3ca20470
10.06.31	正常	设备1 程序下载成功 
10.22.57	正常	设备1 CRC = 0x0709b823
10.23.28	正常	设备1 程序下载成功 
10.38.02	正常	设备1 CRC = 0x2a045e21
10.38.02	错误	设备1 downImage复位失败!!
10.38.02	警告	设备1 程序下载失败 
10.38.16	正常	设备1 CRC = 0x2a045e21
10.38.16	错误	设备1 downImage复位失败!!
10.38.16	警告	设备1 程序下载失败 
10.38.45	正常	设备1 CRC = 0x2a045e21
10.38.45	错误	设备1 downImage复位失败!!
10.38.45	警告	设备1 程序下载失败 
10.38.58	正常	设备1 继续下载失败的bin文件！ 
10.39.29	正常	设备1 程序下载成功 
11.35.13	正常	设备1 CRC = 0x2469ed30
11.35.45	正常	设备1 程序下载成功 
11.36.50	正常	设备1 CRC = 0x2469ed30
11.37.21	正常	设备1 程序下载成功 
11.43.46	正常	设备1 CRC = 0xfb390b8e
11.44.17	正常	设备1 程序下载成功 
11.47.16	正常	设备1 CRC = 0x729b1190
11.47.47	正常	设备1 程序下载成功 
11.51.38	正常	设备1 CRC = 0x7326f883
11.52.10	正常	设备1 程序下载成功 
12.36.16	正常	设备1 CRC = 0x6339e13a
12.36.47	正常	设备1 程序下载成功 
