10.08.45	正常	设备1 CRC = 0xdcbcc59b
10.09.16	正常	设备1 程序下载成功 
10.09.36	正常	设备1 CRC = 0xdcbcc59b
10.10.07	正常	设备1 程序下载成功 
14.02.02	正常	设备1 CRC = 0x6ede2f33
14.03.07	正常	设备1 程序下载成功 
15.10.50	正常	设备1 CRC = 0x67de523d
15.11.21	正常	设备1 程序下载成功 
16.04.44	正常	设备1 CRC = 0x5f325da9
16.05.48	正常	设备1 程序下载成功 
16.17.13	正常	设备1 CRC = 0x55120331
16.18.17	正常	设备1 程序下载成功 
16.21.45	正常	设备1 CRC = 0x55120331
16.21.52	警告	设备1 写入Bin文件超时-1！ 
16.21.52	警告	设备1 程序下载失败 
16.21.54	错误	设备1 Vpp关闭操作超时！
16.22.16	正常	设备1 CRC = 0x290eb3cd
16.23.21	正常	设备1 程序下载成功 
16.34.32	正常	设备1 CRC = 0x96b81937
16.34.33	错误	设备1 downImage复位失败!!
16.34.33	警告	设备1 程序下载失败 
16.34.47	正常	设备1 CRC = 0x96b81937
16.35.52	正常	设备1 程序下载成功 
16.41.25	正常	设备1 CRC = 0x66533aca
16.42.30	正常	设备1 程序下载成功 
17.01.07	正常	设备1 CRC = 0x66533aca
17.02.11	正常	设备1 程序下载成功 
17.02.48	正常	设备1 CRC = 0x66533aca
17.03.53	正常	设备1 程序下载成功 
17.04.40	正常	设备1 CRC = 0x66533aca
17.05.44	正常	设备1 程序下载成功 
17.08.47	正常	设备1 CRC = 0x55120331
17.09.53	正常	设备1 程序下载成功 
17.15.00	正常	设备1 CRC = 0x8b06e79d
17.16.05	正常	设备1 程序下载成功 
17.21.14	正常	设备1 CRC = 0x26c7fb06
17.22.15	正常	设备1 程序下载成功 
17.54.43	正常	设备1 CRC = 0xe4f10d6e
17.55.43	正常	设备1 程序下载成功 
17.56.02	正常	设备1 CRC = 0xe4f10d6e
17.57.02	正常	设备1 程序下载成功 
19.52.07	正常	设备1 CRC = 0x445ffa05
19.53.12	正常	设备1 程序下载成功 
