09.50.33	正常	设备1 CRC = 0x9022eb38
09.51.02	正常	设备1 程序下载成功 
09.53.08	正常	设备1 CRC = 0x9022eb38
09.53.08	错误	设备1 downImage复位失败!!
09.53.08	警告	设备1 程序下载失败 
09.53.37	正常	设备1 继续下载失败的bin文件！ 
09.53.37	错误	设备1 downImage复位失败!!
09.53.37	警告	设备1 程序下载失败 
09.53.38	正常	设备1 继续下载失败的bin文件！ 
09.53.39	错误	设备1 downImage复位失败!!
09.53.39	警告	设备1 程序下载失败 
09.54.11	正常	设备1 CRC = 0x9022eb38
09.54.12	错误	设备1 downImage复位失败!!
09.54.12	警告	设备1 程序下载失败 
09.54.30	正常	设备1 CRC = 0x30aa24c6
09.54.30	错误	设备1 downImage复位失败!!
09.54.30	警告	设备1 程序下载失败 
09.54.36	正常	设备1 CRC = 0x9022eb38
09.54.36	错误	设备1 downImage复位失败!!
09.54.36	警告	设备1 程序下载失败 
09.54.46	正常	设备1 继续下载失败的bin文件！ 
09.54.46	错误	设备1 downImage复位失败!!
09.54.46	警告	设备1 程序下载失败 
09.55.07	正常	设备1 CRC = 0x9022eb38
09.55.07	错误	设备1 downImage复位失败!!
09.55.07	警告	设备1 程序下载失败 
09.55.21	正常	设备1 CRC = 0x9022eb38
09.55.22	错误	设备1 downImage复位失败!!
09.55.22	警告	设备1 程序下载失败 
09.55.23	正常	设备1 继续下载失败的bin文件！ 
09.55.23	错误	设备1 downImage复位失败!!
09.55.23	警告	设备1 程序下载失败 
09.55.30	正常	设备1 CRC = 0x9022eb38
09.55.30	错误	设备1 downImage复位失败!!
09.55.30	警告	设备1 程序下载失败 
09.55.55	正常	设备1 CRC = 0x9022eb38
09.55.55	错误	设备1 downImage复位失败!!
09.55.55	警告	设备1 程序下载失败 
09.56.46	正常	设备1 CRC = 0x9022eb38
09.56.46	错误	设备1 downImage复位失败!!
09.56.46	警告	设备1 程序下载失败 
09.57.01	正常	设备1 CRC = 0x9022eb38
09.57.01	错误	设备1 downImage复位失败!!
09.57.01	警告	设备1 程序下载失败 
09.57.34	正常	设备1 继续下载失败的bin文件！ 
09.57.34	错误	设备1 downImage复位失败!!
09.57.34	警告	设备1 程序下载失败 
09.57.35	正常	设备1 继续下载失败的bin文件！ 
09.57.35	错误	设备1 downImage复位失败!!
09.57.35	警告	设备1 程序下载失败 
09.57.56	正常	设备1 继续下载失败的bin文件！ 
09.57.56	错误	设备1 downImage复位失败!!
09.57.56	警告	设备1 程序下载失败 
09.58.12	正常	设备1 继续下载失败的bin文件！ 
09.58.12	错误	设备1 downImage复位失败!!
09.58.12	警告	设备1 程序下载失败 
09.58.34	正常	设备1 继续下载失败的bin文件！ 
09.58.34	错误	设备1 downImage复位失败!!
09.58.34	警告	设备1 程序下载失败 
09.58.35	正常	设备1 继续下载失败的bin文件！ 
09.58.35	错误	设备1 downImage复位失败!!
09.58.35	警告	设备1 程序下载失败 
10.06.20	正常	设备1 CRC = 0x9022eb38
10.06.20	错误	设备1 downImage复位失败!!
10.06.20	警告	设备1 程序下载失败 
10.06.42	正常	设备1 继续下载失败的bin文件！ 
10.06.42	错误	设备1 downImage复位失败!!
10.06.42	警告	设备1 程序下载失败 
10.07.36	正常	设备1 CRC = 0x9022eb38
10.09.43	正常	设备1 CRC = 0x9022eb38
10.12.23	警告	设备1 写入Bin文件超时-1！ 
10.12.23	警告	设备1 程序下载失败 
10.12.30	正常	设备1 CRC = 0x9022eb38
10.12.48	正常	设备1 程序下载成功 
14.32.13	正常	设备1 CRC = 0x650f37aa
14.32.13	错误	设备1 downImage复位失败!!
14.32.13	警告	设备1 程序下载失败 
