18.01.58	正常	设备1 CRC = 0xc16d5294
18.01.58	错误	设备1 downImage复位失败!!
18.01.58	警告	设备1 程序下载失败 
18.01.59	正常	设备1 继续下载失败的bin文件！ 
18.02.00	错误	设备1 downImage复位失败!!
18.02.00	警告	设备1 程序下载失败 
18.02.14	正常	设备1 继续下载失败的bin文件！ 
18.02.14	错误	设备1 downImage复位失败!!
18.02.14	警告	设备1 程序下载失败 
18.02.15	正常	设备1 继续下载失败的bin文件！ 
18.02.16	错误	设备1 downImage复位失败!!
18.02.16	警告	设备1 程序下载失败 
18.02.36	正常	设备1 继续下载失败的bin文件！ 
18.02.36	错误	设备1 downImage复位失败!!
18.02.36	警告	设备1 程序下载失败 
18.02.37	正常	设备1 继续下载失败的bin文件！ 
18.02.38	错误	设备1 downImage复位失败!!
18.02.38	警告	设备1 程序下载失败 
18.02.43	正常	设备1 CRC = 0xc16d5294
18.02.43	错误	设备1 downImage复位失败!!
18.02.43	警告	设备1 程序下载失败 
18.02.44	正常	设备1 继续下载失败的bin文件！ 
18.02.44	错误	设备1 downImage复位失败!!
18.02.44	警告	设备1 程序下载失败 
18.02.56	正常	设备1 CRC = 0xc16d5294
18.02.57	错误	设备1 downImage复位失败!!
18.02.57	警告	设备1 程序下载失败 
18.02.57	正常	设备1 继续下载失败的bin文件！ 
18.02.58	错误	设备1 downImage复位失败!!
18.02.58	警告	设备1 程序下载失败 
18.03.07	正常	设备1 继续下载失败的bin文件！ 
18.03.53	正常	设备1 程序下载成功 
18.04.10	正常	设备1 CRC = 0xc16d5294
18.04.10	错误	设备1 downImage复位失败!!
18.04.10	警告	设备1 程序下载失败 
18.04.11	正常	设备1 继续下载失败的bin文件！ 
18.04.12	错误	设备1 downImage复位失败!!
18.04.12	警告	设备1 程序下载失败 
18.04.34	正常	设备1 继续下载失败的bin文件！ 
18.04.35	错误	设备1 downImage复位失败!!
18.04.35	警告	设备1 程序下载失败 
18.04.41	正常	设备1 继续下载失败的bin文件！ 
18.04.42	错误	设备1 downImage复位失败!!
18.04.42	警告	设备1 程序下载失败 
18.04.43	正常	设备1 继续下载失败的bin文件！ 
18.04.43	错误	设备1 downImage复位失败!!
18.04.43	警告	设备1 程序下载失败 
18.04.52	正常	设备1 继续下载失败的bin文件！ 
18.04.52	错误	设备1 downImage复位失败!!
18.04.52	警告	设备1 程序下载失败 
18.05.00	正常	设备1 继续下载失败的bin文件！ 
18.05.00	错误	设备1 downImage复位失败!!
18.05.00	警告	设备1 程序下载失败 
18.05.05	正常	设备1 继续下载失败的bin文件！ 
18.05.05	错误	设备1 downImage复位失败!!
18.05.05	警告	设备1 程序下载失败 
18.05.25	正常	设备1 继续下载失败的bin文件！ 
18.05.25	错误	设备1 downImage复位失败!!
18.05.25	警告	设备1 程序下载失败 
18.05.26	正常	设备1 继续下载失败的bin文件！ 
18.05.27	错误	设备1 downImage复位失败!!
18.05.27	警告	设备1 程序下载失败 
18.05.37	正常	设备1 继续下载失败的bin文件！ 
18.05.37	错误	设备1 downImage复位失败!!
18.05.37	警告	设备1 程序下载失败 
18.05.38	正常	设备1 继续下载失败的bin文件！ 
18.05.39	错误	设备1 downImage复位失败!!
18.05.39	警告	设备1 程序下载失败 
18.05.43	正常	设备1 继续下载失败的bin文件！ 
18.05.43	错误	设备1 downImage复位失败!!
18.05.43	警告	设备1 程序下载失败 
18.07.20	正常	设备1 CRC = 0xc16d5294
18.07.21	错误	设备1 downImage复位失败!!
18.07.21	警告	设备1 程序下载失败 
18.07.39	正常	设备1 继续下载失败的bin文件！ 
18.07.40	错误	设备1 downImage复位失败!!
18.07.40	警告	设备1 程序下载失败 
18.07.40	正常	设备1 继续下载失败的bin文件！ 
18.07.41	错误	设备1 downImage复位失败!!
18.07.41	警告	设备1 程序下载失败 
18.07.41	正常	设备1 继续下载失败的bin文件！ 
18.07.42	错误	设备1 downImage复位失败!!
18.07.42	警告	设备1 程序下载失败 
18.07.56	正常	设备1 CRC = 0x8a597dbd
18.07.57	错误	设备1 downImage复位失败!!
18.07.57	警告	设备1 程序下载失败 
18.08.17	正常	设备1 CRC = 0x8a597dbd
18.08.17	错误	设备1 downImage复位失败!!
18.08.17	警告	设备1 程序下载失败 
18.08.18	正常	设备1 继续下载失败的bin文件！ 
18.08.19	错误	设备1 downImage复位失败!!
18.08.19	警告	设备1 程序下载失败 
18.08.33	正常	设备1 CRC = 0x8a597dbd
18.08.33	错误	设备1 downImage复位失败!!
18.08.33	警告	设备1 程序下载失败 
18.08.49	正常	设备1 CRC = 0x8a597dbd
18.08.49	错误	设备1 downImage复位失败!!
18.08.49	警告	设备1 程序下载失败 
18.08.57	正常	设备1 CRC = 0x8a597dbd
18.08.58	错误	设备1 downImage复位失败!!
18.08.58	警告	设备1 程序下载失败 
18.09.01	正常	设备1 继续下载失败的bin文件！ 
18.09.02	错误	设备1 downImage复位失败!!
18.09.02	警告	设备1 程序下载失败 
18.09.03	正常	设备1 继续下载失败的bin文件！ 
18.09.03	错误	设备1 downImage复位失败!!
18.09.03	警告	设备1 程序下载失败 
18.10.45	正常	设备1 CRC = 0x8a597dbd
18.10.45	错误	设备1 downImage复位失败!!
18.10.45	警告	设备1 程序下载失败 
18.10.46	正常	设备1 继续下载失败的bin文件！ 
18.10.47	错误	设备1 downImage复位失败!!
18.10.47	警告	设备1 程序下载失败 
18.10.52	正常	设备1 继续下载失败的bin文件！ 
18.10.52	错误	设备1 downImage复位失败!!
18.10.52	警告	设备1 程序下载失败 
18.11.06	正常	设备1 CRC = 0x8a597dbd
18.11.48	正常	设备1 程序下载成功 
18.22.55	正常	设备1 CRC = 0x8a597dbd
18.23.41	正常	设备1 程序下载成功 
18.26.30	正常	设备1 CRC = 0x2f7cf0d1
18.26.30	错误	设备1 downImage复位失败!!
18.26.30	警告	设备1 程序下载失败 
18.26.36	正常	设备1 继续下载失败的bin文件！ 
18.26.36	错误	设备1 downImage复位失败!!
18.26.36	警告	设备1 程序下载失败 
18.26.47	正常	设备1 继续下载失败的bin文件！ 
18.26.47	错误	设备1 downImage复位失败!!
18.26.47	警告	设备1 程序下载失败 
18.26.51	正常	设备1 继续下载失败的bin文件！ 
18.26.52	错误	设备1 downImage复位失败!!
18.26.52	警告	设备1 程序下载失败 
