09.54.53	正常	设备1 CRC = 0xbae0439c
09.55.26	正常	设备1 程序下载成功 
10.45.34	正常	设备1 CRC = 0xa79b7a3d
10.45.35	错误	设备1 downImage复位失败!!
10.45.35	警告	设备1 程序下载失败 
11.21.26	正常	设备1 CRC = 0x18b37760
11.21.27	错误	设备1 downImage复位失败!!
11.21.27	警告	设备1 程序下载失败 
11.21.32	正常	设备1 CRC = 0x18b37760
11.21.33	错误	设备1 downImage复位失败!!
11.21.33	警告	设备1 程序下载失败 
11.21.40	正常	设备1 继续下载失败的bin文件！ 
11.22.13	正常	设备1 程序下载成功 
11.31.22	正常	设备1 CRC = 0xa4d72599
11.31.55	正常	设备1 程序下载成功 
11.36.27	正常	设备1 CRC = 0xf49147c2
11.36.59	正常	设备1 程序下载成功 
11.38.23	正常	设备1 CRC = 0x07d2ea4e
11.38.55	正常	设备1 程序下载成功 
11.52.33	正常	设备1 CRC = 0xe7d555b0
11.53.06	正常	设备1 程序下载成功 
11.56.17	正常	设备1 CRC = 0x58bc5559
11.56.50	正常	设备1 程序下载成功 
12.00.27	正常	设备1 CRC = 0x560c20c3
12.01.00	正常	设备1 程序下载成功 
13.55.26	正常	设备1 CRC = 0xe7b66896
13.55.59	正常	设备1 程序下载成功 
