10.16.05	正常	设备1 CRC = 0xe921f5fa
10.16.37	正常	设备1 程序下载成功 
14.49.54	正常	设备1 CRC = 0xdaf39161
14.50.26	正常	设备1 程序下载成功 
14.54.25	正常	设备1 CRC = 0xdf94198a
14.54.57	正常	设备1 程序下载成功 
15.05.29	正常	设备1 CRC = 0x4b4db156
15.05.29	错误	设备1 downImage复位失败!!
15.05.29	警告	设备1 程序下载失败 
15.05.36	正常	设备1 CRC = 0x4b4db156
15.05.37	错误	设备1 downImage复位失败!!
15.05.37	警告	设备1 程序下载失败 
15.05.52	正常	设备1 继续下载失败的bin文件！ 
15.06.24	正常	设备1 程序下载成功 
15.29.09	正常	设备1 CRC = 0x26d317f8
15.29.09	错误	设备1 downImage复位失败!!
15.29.09	警告	设备1 程序下载失败 
15.29.24	正常	设备1 继续下载失败的bin文件！ 
15.29.56	正常	设备1 程序下载成功 
15.33.01	正常	设备1 CRC = 0xbf224913
15.33.33	正常	设备1 程序下载成功 
16.21.27	正常	设备1 CRC = 0x7cdd2bfb
16.21.59	正常	设备1 程序下载成功 
16.31.21	正常	设备1 CRC = 0x8614a50f
16.31.21	错误	设备1 downImage复位失败!!
16.31.21	警告	设备1 程序下载失败 
16.31.26	正常	设备1 继续下载失败的bin文件！ 
16.31.58	正常	设备1 程序下载成功 
16.43.21	正常	设备1 CRC = 0x83f811d5
16.43.53	正常	设备1 程序下载成功 
16.44.05	正常	设备1 CRC = 0x83f811d5
16.44.36	正常	设备1 程序下载成功 
16.58.31	正常	设备1 CRC = 0x80f2be3a
16.59.03	正常	设备1 程序下载成功 
17.09.15	正常	设备1 CRC = 0xfdb5efc0
17.09.48	正常	设备1 程序下载成功 
17.12.14	正常	设备1 CRC = 0xa5f3db9d
17.12.46	正常	设备1 程序下载成功 
19.23.55	正常	设备1 CRC = 0x7f2bf75f
19.24.27	正常	设备1 程序下载成功 
19.28.12	正常	设备1 CRC = 0x215d76c7
19.28.44	正常	设备1 程序下载成功 
19.33.37	正常	设备1 CRC = 0xe35eda41
19.34.09	正常	设备1 程序下载成功 
19.40.33	正常	设备1 CRC = 0x0ca36827
19.41.05	正常	设备1 程序下载成功 
19.47.47	正常	设备1 CRC = 0x3c28ec92
19.48.18	正常	设备1 程序下载成功 
