09.08.30	正常	设备1 CRC = 0x2f7cf0d1
09.08.31	错误	设备1 downImage复位失败!!
09.08.31	警告	设备1 程序下载失败 
09.08.39	正常	设备1 继续下载失败的bin文件！ 
09.08.40	错误	设备1 downImage复位失败!!
09.08.40	警告	设备1 程序下载失败 
09.08.46	正常	设备1 继续下载失败的bin文件！ 
09.08.46	错误	设备1 downImage复位失败!!
09.08.46	警告	设备1 程序下载失败 
09.09.12	正常	设备1 继续下载失败的bin文件！ 
09.09.13	错误	设备1 downImage复位失败!!
09.09.13	警告	设备1 程序下载失败 
09.09.15	正常	设备1 继续下载失败的bin文件！ 
09.09.16	错误	设备1 downImage复位失败!!
09.09.16	警告	设备1 程序下载失败 
09.09.16	正常	设备1 继续下载失败的bin文件！ 
09.09.17	错误	设备1 downImage复位失败!!
09.09.17	警告	设备1 程序下载失败 
09.09.26	正常	设备1 CRC = 0x8a597dbd
09.09.27	错误	设备1 downImage复位失败!!
09.09.27	警告	设备1 程序下载失败 
09.09.33	正常	设备1 继续下载失败的bin文件！ 
09.09.34	错误	设备1 downImage复位失败!!
09.09.34	警告	设备1 程序下载失败 
09.09.47	正常	设备1 继续下载失败的bin文件！ 
09.09.47	错误	设备1 downImage复位失败!!
09.09.47	警告	设备1 程序下载失败 
09.09.52	正常	设备1 继续下载失败的bin文件！ 
09.09.53	错误	设备1 downImage复位失败!!
09.09.53	警告	设备1 程序下载失败 
09.09.58	正常	设备1 继续下载失败的bin文件！ 
09.09.58	错误	设备1 downImage复位失败!!
09.09.58	警告	设备1 程序下载失败 
09.48.28	正常	设备1 CRC = 0x267d9239
09.48.29	错误	设备1 downImage复位失败!!
09.48.29	警告	设备1 程序下载失败 
09.48.30	正常	设备1 继续下载失败的bin文件！ 
09.48.31	错误	设备1 downImage复位失败!!
09.48.31	警告	设备1 程序下载失败 
09.48.49	正常	设备1 CRC = 0x267d9239
09.48.50	错误	设备1 downImage复位失败!!
09.48.50	警告	设备1 程序下载失败 
09.49.07	正常	设备1 继续下载失败的bin文件！ 
09.49.08	错误	设备1 downImage复位失败!!
09.49.08	警告	设备1 程序下载失败 
09.49.10	正常	设备1 继续下载失败的bin文件！ 
09.49.11	错误	设备1 downImage复位失败!!
09.49.11	警告	设备1 程序下载失败 
09.49.26	正常	设备1 CRC = 0x267d9239
09.49.26	错误	设备1 downImage复位失败!!
09.49.26	警告	设备1 程序下载失败 
09.49.28	正常	设备1 继续下载失败的bin文件！ 
09.49.28	错误	设备1 downImage复位失败!!
09.49.28	警告	设备1 程序下载失败 
10.05.13	正常	设备1 CRC = 0x267d9239
10.05.13	错误	设备1 downImage复位失败!!
10.05.13	警告	设备1 程序下载失败 
10.05.14	正常	设备1 继续下载失败的bin文件！ 
10.05.15	错误	设备1 downImage复位失败!!
10.05.15	警告	设备1 程序下载失败 
10.05.33	正常	设备1 继续下载失败的bin文件！ 
10.05.34	错误	设备1 downImage复位失败!!
10.05.34	警告	设备1 程序下载失败 
11.07.19	正常	设备1 CRC = 0x05572b83
11.08.09	正常	设备1 程序下载成功 
11.08.40	正常	设备1 CRC = 0x05572b83
11.09.31	正常	设备1 程序下载成功 
11.10.41	正常	设备1 CRC = 0x267d9239
11.11.31	正常	设备1 程序下载成功 
11.15.55	正常	设备1 CRC = 0x6fa13679
11.16.45	正常	设备1 程序下载成功 
11.19.11	正常	设备1 CRC = 0x267d9239
11.20.00	正常	设备1 程序下载成功 
12.30.12	正常	设备1 CRC = 0x017c83d2
12.31.01	正常	设备1 程序下载成功 
13.28.28	正常	设备1 CRC = 0x017c83d2
13.28.28	错误	设备1 downImage复位失败!!
13.28.28	警告	设备1 程序下载失败 
13.29.04	正常	设备1 CRC = 0x017c83d2
13.30.31	正常	设备1 程序下载成功 
13.56.27	正常	设备1 CRC = 0x48338feb
13.56.27	错误	设备1 downImage复位失败!!
13.56.27	警告	设备1 程序下载失败 
13.56.34	正常	设备1 继续下载失败的bin文件！ 
13.57.25	正常	设备1 程序下载成功 
14.02.01	正常	设备1 CRC = 0xbd09338a
14.03.34	正常	设备1 程序下载成功 
14.09.27	正常	设备1 CRC = 0x146f987d
14.11.01	正常	设备1 程序下载成功 
14.32.18	正常	设备1 CRC = 0xc1aae7ff
14.33.50	正常	设备1 程序下载成功 
14.34.58	正常	设备1 CRC = 0xc1aae7ff
14.36.30	正常	设备1 程序下载成功 
15.05.15	正常	设备1 CRC = 0x9126ee3b
15.06.49	正常	设备1 程序下载成功 
15.08.46	正常	设备1 CRC = 0x9126ee3b
15.10.19	正常	设备1 程序下载成功 
15.22.42	正常	设备1 CRC = 0x1f91ea38
15.22.43	错误	设备1 downImage复位失败!!
15.22.43	警告	设备1 程序下载失败 
15.23.01	正常	设备1 CRC = 0x1f91ea38
15.24.34	正常	设备1 程序下载成功 
16.45.48	正常	设备1 CRC = 0x2dd89d43
16.47.20	正常	设备1 程序下载成功 
17.07.26	正常	设备1 CRC = 0x2a11a5cc
17.08.58	正常	设备1 程序下载成功 
17.33.10	正常	设备1 CRC = 0xeba1a220
17.34.43	正常	设备1 程序下载成功 
17.41.03	正常	设备1 CRC = 0x11a7fa79
17.42.37	正常	设备1 程序下载成功 
17.48.36	正常	设备1 CRC = 0xfd4bc031
17.50.10	正常	设备1 程序下载成功 
18.15.45	正常	设备1 CRC = 0x93808132
18.17.18	正常	设备1 程序下载成功 
18.22.28	正常	设备1 CRC = 0x902b95d4
18.24.01	正常	设备1 程序下载成功 
18.32.44	正常	设备1 CRC = 0x4b05cc94
18.34.17	正常	设备1 程序下载成功 
18.57.06	正常	设备1 CRC = 0xd59b1a5c
18.58.38	正常	设备1 程序下载成功 
19.25.56	正常	设备1 CRC = 0x5411349e
19.27.31	正常	设备1 程序下载成功 
