16.01.11	警告	设备1 文件打开失败!路径:D:\111DDD\3435\BK3435_v2_test_firmware\obj\BK3435_v2_test_firmware_crc.bin!
16.01.57	错误	设备1 resetflash复位失败!!
16.02.06	错误	设备1 resetflash复位失败!!
16.02.08	错误	设备1 downImage复位失败!!
16.02.33	正常	设备1 CRC = 0x3ffc5bfa
16.02.34	错误	设备1 downImage复位失败!!
16.02.34	警告	设备1 程序下载失败 
16.02.38	正常	设备1 继续下载失败的bin文件！ 
16.02.39	错误	设备1 downImage复位失败!!
16.02.39	警告	设备1 程序下载失败 
16.02.43	正常	设备1 继续下载失败的bin文件！ 
16.02.44	错误	设备1 downImage复位失败!!
16.02.44	警告	设备1 程序下载失败 
16.02.46	正常	设备1 继续下载失败的bin文件！ 
16.02.47	错误	设备1 downImage复位失败!!
16.02.47	警告	设备1 程序下载失败 
16.02.50	正常	设备1 继续下载失败的bin文件！ 
16.02.50	错误	设备1 downImage复位失败!!
16.02.50	警告	设备1 程序下载失败 
16.04.04	正常	设备1 继续下载失败的bin文件！ 
16.05.07	正常	设备1 程序下载成功 
