10.32.35	正常	设备1 CRC = 0x5142f67c
10.33.06	正常	设备1 程序下载成功 
10.39.55	正常	设备1 CRC = 0x5142f67c
10.40.26	正常	设备1 程序下载成功 
10.42.44	正常	设备1 CRC = 0x3b8225ff
10.43.15	正常	设备1 程序下载成功 
10.43.33	正常	设备1 CRC = 0x3b8225ff
10.44.05	正常	设备1 程序下载成功 
10.47.53	正常	设备1 CRC = 0xbcd79747
10.48.28	正常	设备1 程序下载成功 
10.55.38	正常	设备1 CRC = 0xd4ac42eb
10.55.39	错误	设备1 downImage复位失败!!
10.55.39	警告	设备1 程序下载失败 
10.55.51	正常	设备1 CRC = 0xd4ac42eb
10.55.52	错误	设备1 downImage复位失败!!
10.55.52	警告	设备1 程序下载失败 
10.56.01	正常	设备1 CRC = 0xd4ac42eb
10.56.02	错误	设备1 downImage复位失败!!
10.56.02	警告	设备1 程序下载失败 
10.56.48	正常	设备1 CRC = 0xd4ac42eb
10.57.19	正常	设备1 程序下载成功 
11.30.10	正常	设备1 CRC = 0xd4ac42eb
11.30.11	错误	设备1 downImage复位失败!!
11.30.11	警告	设备1 程序下载失败 
11.30.34	正常	设备1 CRC = 0xd4ac42eb
11.30.35	错误	设备1 downImage复位失败!!
11.30.35	警告	设备1 程序下载失败 
11.30.54	正常	设备1 CRC = 0xd4ac42eb
11.30.54	错误	设备1 downImage复位失败!!
11.30.54	警告	设备1 程序下载失败 
11.30.58	正常	设备1 继续下载失败的bin文件！ 
11.30.58	错误	设备1 downImage复位失败!!
11.30.58	警告	设备1 程序下载失败 
11.31.03	正常	设备1 CRC = 0xd4ac42eb
11.31.03	错误	设备1 downImage复位失败!!
11.31.03	警告	设备1 程序下载失败 
11.31.13	正常	设备1 CRC = 0xd4ac42eb
11.31.14	错误	设备1 downImage复位失败!!
11.31.14	警告	设备1 程序下载失败 
11.31.34	正常	设备1 CRC = 0xd4ac42eb
11.31.34	错误	设备1 downImage复位失败!!
11.31.34	警告	设备1 程序下载失败 
11.31.47	正常	设备1 CRC = 0xd4ac42eb
11.31.47	错误	设备1 downImage复位失败!!
11.31.47	警告	设备1 程序下载失败 
11.33.35	正常	设备1 CRC = 0xb4d76e9f
11.33.36	错误	设备1 downImage复位失败!!
11.33.36	警告	设备1 程序下载失败 
11.33.44	正常	设备1 CRC = 0xd414064f
11.33.44	错误	设备1 downImage复位失败!!
11.33.44	警告	设备1 程序下载失败 
11.34.38	正常	设备1 CRC = 0xb4d76e9f
11.34.39	错误	设备1 downImage复位失败!!
11.34.39	警告	设备1 程序下载失败 
11.34.40	正常	设备1 继续下载失败的bin文件！ 
11.34.40	错误	设备1 downImage复位失败!!
11.34.40	警告	设备1 程序下载失败 
11.34.41	正常	设备1 继续下载失败的bin文件！ 
11.34.42	错误	设备1 downImage复位失败!!
11.34.42	警告	设备1 程序下载失败 
11.45.19	正常	设备1 CRC = 0xb4d76e9f
11.45.20	错误	设备1 downImage复位失败!!
11.45.20	警告	设备1 程序下载失败 
11.45.34	正常	设备1 继续下载失败的bin文件！ 
11.45.35	错误	设备1 downImage复位失败!!
11.45.35	警告	设备1 程序下载失败 
11.45.57	正常	设备1 CRC = 0xb4d76e9f
11.45.58	错误	设备1 downImage复位失败!!
11.45.58	警告	设备1 程序下载失败 
11.46.06	正常	设备1 CRC = 0xb4d76e9f
11.46.07	错误	设备1 downImage复位失败!!
11.46.07	警告	设备1 程序下载失败 
11.46.21	正常	设备1 CRC = 0xb4d76e9f
11.46.22	错误	设备1 downImage复位失败!!
11.46.22	警告	设备1 程序下载失败 
11.46.27	正常	设备1 CRC = 0xd414064f
11.46.27	错误	设备1 downImage复位失败!!
11.46.27	警告	设备1 程序下载失败 
13.47.00	正常	设备1 CRC = 0xb4d76e9f
13.47.00	错误	设备1 downImage复位失败!!
13.47.00	警告	设备1 程序下载失败 
13.50.14	正常	设备1 CRC = 0xe4f10d6e
13.50.15	错误	设备1 downImage复位失败!!
13.50.15	警告	设备1 程序下载失败 
13.50.30	正常	设备1 CRC = 0x55120331
13.50.30	错误	设备1 downImage复位失败!!
13.50.30	警告	设备1 程序下载失败 
13.50.37	正常	设备1 继续下载失败的bin文件！ 
13.50.38	错误	设备1 downImage复位失败!!
13.50.38	警告	设备1 程序下载失败 
13.50.41	正常	设备1 继续下载失败的bin文件！ 
13.50.41	错误	设备1 downImage复位失败!!
13.50.42	警告	设备1 程序下载失败 
13.51.05	正常	设备1 继续下载失败的bin文件！ 
13.51.06	错误	设备1 downImage复位失败!!
13.51.06	警告	设备1 程序下载失败 
13.51.24	正常	设备1 继续下载失败的bin文件！ 
13.51.25	错误	设备1 downImage复位失败!!
13.51.25	警告	设备1 程序下载失败 
13.52.03	正常	设备1 CRC = 0x7ed2ad5b
13.52.04	错误	设备1 downImage复位失败!!
13.52.04	警告	设备1 程序下载失败 
13.52.33	正常	设备1 继续下载失败的bin文件！ 
13.53.04	正常	设备1 程序下载成功 
13.54.57	正常	设备1 CRC = 0x7ed2ad5b
13.55.28	正常	设备1 程序下载成功 
13.56.17	正常	设备1 CRC = 0x7ed2ad5b
13.56.17	错误	设备1 downImage复位失败!!
13.56.17	警告	设备1 程序下载失败 
13.56.22	正常	设备1 继续下载失败的bin文件！ 
13.56.22	错误	设备1 downImage复位失败!!
13.56.22	警告	设备1 程序下载失败 
14.06.32	正常	设备1 CRC = 0x7ed2ad5b
14.06.33	错误	设备1 downImage复位失败!!
14.06.33	警告	设备1 程序下载失败 
14.06.34	正常	设备1 继续下载失败的bin文件！ 
14.06.35	错误	设备1 downImage复位失败!!
14.06.35	警告	设备1 程序下载失败 
14.17.00	正常	设备1 CRC = 0x7ed2ad5b
14.17.00	错误	设备1 downImage复位失败!!
14.17.00	警告	设备1 程序下载失败 
14.17.53	正常	设备1 CRC = 0x7ed2ad5b
14.17.53	错误	设备1 downImage复位失败!!
14.17.53	警告	设备1 程序下载失败 
14.18.11	正常	设备1 CRC = 0x7ed2ad5b
14.18.12	错误	设备1 downImage复位失败!!
14.18.12	警告	设备1 程序下载失败 
14.18.50	正常	设备1 CRC = 0x7ed2ad5b
14.18.50	错误	设备1 downImage复位失败!!
14.18.50	警告	设备1 程序下载失败 
14.18.57	正常	设备1 CRC = 0x7ed2ad5b
14.18.58	错误	设备1 downImage复位失败!!
14.18.58	警告	设备1 程序下载失败 
14.19.08	正常	设备1 CRC = 0x7ed2ad5b
14.19.08	错误	设备1 downImage复位失败!!
14.19.08	警告	设备1 程序下载失败 
14.19.34	正常	设备1 CRC = 0x7ed2ad5b
14.19.34	错误	设备1 downImage复位失败!!
14.19.34	警告	设备1 程序下载失败 
17.12.43	正常	设备1 CRC = 0x81c1e137
17.12.43	错误	设备1 downImage复位失败!!
17.12.43	警告	设备1 程序下载失败 
17.13.07	正常	设备1 继续下载失败的bin文件！ 
17.14.07	正常	设备1 程序下载成功 
17.22.33	正常	设备1 CRC = 0x63b44209
17.22.33	错误	设备1 downImage复位失败!!
17.22.33	警告	设备1 程序下载失败 
17.22.52	正常	设备1 CRC = 0x63b44209
17.23.53	正常	设备1 程序下载成功 
17.58.52	正常	设备1 CRC = 0xec6798ab
17.59.41	正常	设备1 程序下载成功 
