15.33.31	正常	设备1 CRC = 0x93c03425
15.33.32	错误	设备1 downImage复位失败!!
15.33.32	警告	设备1 程序下载失败 
15.33.44	正常	设备1 继续下载失败的bin文件！ 
15.34.15	警告	设备1 写入Bin文件超时-1！ 
15.34.15	警告	设备1 程序下载失败 
15.34.17	错误	设备1 Vpp关闭操作超时！
15.42.57	正常	设备1 CRC = 0x6c136cd7
15.44.31	正常	设备1 程序下载成功 
15.46.32	正常	设备1 CRC = 0xafdcaf3d
15.47.27	正常	设备1 程序下载成功 
16.51.41	正常	设备1 CRC = 0xc96802d5
16.52.32	正常	设备1 程序下载成功 
17.05.24	正常	设备1 CRC = 0x768cbddc
17.06.16	正常	设备1 程序下载成功 
17.18.03	正常	设备1 CRC = 0xb648ad5e
17.18.56	正常	设备1 程序下载成功 
17.29.00	正常	设备1 CRC = 0x3f202304
17.29.53	正常	设备1 程序下载成功 
17.48.26	正常	设备1 CRC = 0x02af6d9d
17.49.19	正常	设备1 程序下载成功 
17.59.30	正常	设备1 CRC = 0xfa6e2e0b
17.59.30	错误	设备1 downImage复位失败!!
17.59.31	警告	设备1 程序下载失败 
17.59.43	正常	设备1 CRC = 0xfa6e2e0b
18.00.36	正常	设备1 程序下载成功 
