11.34.37	正常	设备1 CRC = 0x914dea6c
11.34.38	错误	设备1 downImage复位失败!!
11.34.38	警告	设备1 程序下载失败 
11.34.45	正常	设备1 CRC = 0xdda48023
11.34.45	错误	设备1 downImage复位失败!!
11.34.45	警告	设备1 程序下载失败 
11.34.59	正常	设备1 CRC = 0x914dea6c
11.34.59	错误	设备1 downImage复位失败!!
11.34.59	警告	设备1 程序下载失败 
11.35.06	正常	设备1 CRC = 0xdda48023
11.35.06	错误	设备1 downImage复位失败!!
11.35.06	警告	设备1 程序下载失败 
11.35.23	正常	设备1 CRC = 0x914dea6c
11.35.51	正常	设备1 程序下载成功 
11.36.48	正常	设备1 CRC = 0xdda48023
11.37.15	正常	设备1 程序下载成功 
11.38.20	正常	设备1 CRC = 0x914dea6c
11.38.49	正常	设备1 程序下载成功 
11.41.30	正常	设备1 CRC = 0xdda48023
11.41.30	错误	设备1 downImage复位失败!!
11.41.30	警告	设备1 程序下载失败 
11.41.31	正常	设备1 继续下载失败的bin文件！ 
11.41.32	错误	设备1 downImage复位失败!!
11.41.32	警告	设备1 程序下载失败 
11.41.33	正常	设备1 继续下载失败的bin文件！ 
11.41.33	错误	设备1 downImage复位失败!!
11.41.33	警告	设备1 程序下载失败 
11.41.34	正常	设备1 继续下载失败的bin文件！ 
11.41.35	错误	设备1 downImage复位失败!!
11.41.35	警告	设备1 程序下载失败 
11.41.40	正常	设备1 继续下载失败的bin文件！ 
11.41.40	错误	设备1 downImage复位失败!!
11.41.40	警告	设备1 程序下载失败 
11.41.55	正常	设备1 CRC = 0xdda48023
11.41.56	错误	设备1 downImage复位失败!!
11.41.56	警告	设备1 程序下载失败 
11.42.06	正常	设备1 CRC = 0xdda48023
11.42.34	正常	设备1 程序下载成功 
11.48.22	正常	设备1 CRC = 0x914dea6c
11.48.51	正常	设备1 程序下载成功 
13.25.48	正常	设备1 CRC = 0xdda48023
13.26.18	正常	设备1 程序下载成功 
13.28.49	正常	设备1 CRC = 0x914dea6c
13.29.18	正常	设备1 程序下载成功 
13.30.07	正常	设备1 CRC = 0x629ee44e
13.30.07	错误	设备1 downImage复位失败!!
13.30.07	警告	设备1 程序下载失败 
13.30.19	正常	设备1 CRC = 0x629ee44e
13.30.48	正常	设备1 程序下载成功 
13.31.43	正常	设备1 CRC = 0xb7b604b4
13.32.11	正常	设备1 程序下载成功 
13.36.45	正常	设备1 CRC = 0x914dea6c
13.36.45	错误	设备1 downImage复位失败!!
13.36.45	警告	设备1 程序下载失败 
13.36.46	正常	设备1 继续下载失败的bin文件！ 
13.36.47	错误	设备1 downImage复位失败!!
13.36.47	警告	设备1 程序下载失败 
13.36.55	正常	设备1 继续下载失败的bin文件！ 
13.37.24	正常	设备1 程序下载成功 
13.39.34	正常	设备1 CRC = 0x914dea6c
13.40.04	正常	设备1 程序下载成功 
