11.31.19	正常	设备1 CRC = 0x06e87c86
11.32.25	正常	设备1 程序下载成功 
15.52.59	正常	设备1 CRC = 0xb7426a14
15.54.04	正常	设备1 程序下载成功 
16.02.28	正常	设备1 CRC = 0x445ffa05
16.02.29	错误	设备1 downImage复位失败!!
16.02.29	警告	设备1 程序下载失败 
16.02.44	正常	设备1 CRC = 0x445ffa05
16.02.45	错误	设备1 downImage复位失败!!
16.02.45	警告	设备1 程序下载失败 
16.02.49	正常	设备1 继续下载失败的bin文件！ 
16.03.54	正常	设备1 程序下载成功 
16.13.39	正常	设备1 CRC = 0x5f8a7598
16.14.45	正常	设备1 程序下载成功 
16.20.46	正常	设备1 CRC = 0xb7426a14
16.21.52	正常	设备1 程序下载成功 
16.41.13	正常	设备1 CRC = 0xd1a0cd0d
16.42.19	正常	设备1 程序下载成功 
16.59.30	正常	设备1 CRC = 0x5cbc92ff
17.00.39	正常	设备1 程序下载成功 
17.20.19	正常	设备1 CRC = 0xf6232231
17.21.25	正常	设备1 程序下载成功 
17.37.19	正常	设备1 CRC = 0xd0000c11
17.38.24	正常	设备1 程序下载成功 
17.46.13	正常	设备1 CRC = 0xceb7d5ca
17.47.18	正常	设备1 程序下载成功 
18.19.57	正常	设备1 CRC = 0x3d7c3216
18.21.02	正常	设备1 程序下载成功 
18.51.28	正常	设备1 CRC = 0x4fb0ab3d
18.52.33	正常	设备1 程序下载成功 
19.42.28	正常	设备1 CRC = 0x2fd695e6
19.43.34	正常	设备1 程序下载成功 
19.52.35	正常	设备1 CRC = 0xa0575016
19.53.39	正常	设备1 程序下载成功 
20.29.40	正常	设备1 CRC = 0x7cc5ed8b
20.30.45	正常	设备1 程序下载成功 
20.37.52	正常	设备1 CRC = 0x1cb3865c
20.37.52	错误	设备1 downImage复位失败!!
20.37.52	警告	设备1 程序下载失败 
