09.48.21	正常	设备1 CRC = 0xe064523a
09.48.53	正常	设备1 程序下载成功 
10.17.33	正常	设备1 CRC = 0x6922dfa4
10.18.05	正常	设备1 程序下载成功 
10.44.37	正常	设备1 CRC = 0x2c7f8130
10.45.09	正常	设备1 程序下载成功 
11.32.48	正常	设备1 CRC = 0x176c7e55
11.33.20	正常	设备1 程序下载成功 
11.38.25	正常	设备1 CRC = 0xfb31b262
11.38.56	正常	设备1 程序下载成功 
14.20.17	正常	设备1 CRC = 0x09d70f3c
14.20.17	错误	设备1 downImage复位失败!!
14.20.17	警告	设备1 程序下载失败 
14.20.26	正常	设备1 继续下载失败的bin文件！ 
14.20.27	警告	设备1 写入Bin文件超时-1！ 
14.20.27	警告	设备1 程序下载失败 
14.20.37	正常	设备1 继续下载失败的bin文件！ 
14.20.37	错误	设备1 downImage复位失败!!
14.20.37	警告	设备1 程序下载失败 
14.21.27	正常	设备1 继续下载失败的bin文件！ 
14.21.27	错误	设备1 downImage复位失败!!
14.21.27	警告	设备1 程序下载失败 
14.21.42	正常	设备1 继续下载失败的bin文件！ 
14.22.14	正常	设备1 程序下载成功 
14.28.00	正常	设备1 CRC = 0x60a78e60
14.28.32	正常	设备1 程序下载成功 
14.37.06	正常	设备1 CRC = 0x06d87343
14.37.38	正常	设备1 程序下载成功 
14.41.58	正常	设备1 CRC = 0xcac79d02
14.42.29	正常	设备1 程序下载成功 
14.50.42	正常	设备1 CRC = 0x874c284f
14.51.13	正常	设备1 程序下载成功 
14.57.31	正常	设备1 CRC = 0x6f4e5fbc
14.58.03	正常	设备1 程序下载成功 
15.11.41	正常	设备1 CRC = 0xfe433017
15.12.12	正常	设备1 程序下载成功 
15.15.44	正常	设备1 CRC = 0xd1687754
15.16.16	正常	设备1 程序下载成功 
15.18.19	正常	设备1 CRC = 0xd1687754
15.18.51	正常	设备1 程序下载成功 
15.18.52	正常	设备1 CRC = 0xd1687754
15.19.24	正常	设备1 程序下载成功 
15.22.32	正常	设备1 CRC = 0x002c17a0
15.23.03	正常	设备1 程序下载成功 
15.27.08	正常	设备1 CRC = 0xa946b4ff
15.27.39	正常	设备1 程序下载成功 
15.28.17	正常	设备1 CRC = 0xa946b4ff
15.28.48	正常	设备1 程序下载成功 
16.28.33	正常	设备1 CRC = 0x76d86f41
16.29.04	正常	设备1 程序下载成功 
19.03.41	正常	设备1 CRC = 0xc46ef858
19.04.12	正常	设备1 程序下载成功 
19.04.31	正常	设备1 CRC = 0xc46ef858
19.05.03	正常	设备1 程序下载成功 
19.07.40	正常	设备1 CRC = 0xc3ecb1d6
19.07.41	错误	设备1 downImage复位失败!!
19.07.41	警告	设备1 程序下载失败 
19.07.54	正常	设备1 CRC = 0xc3ecb1d6
19.08.25	正常	设备1 程序下载成功 
19.51.10	正常	设备1 CRC = 0x63a5ffd6
19.51.42	正常	设备1 程序下载成功 
20.08.19	正常	设备1 CRC = 0x50d138c1
20.08.20	错误	设备1 Vpp打开失败(!=0xee)！
20.08.36	正常	设备1 CRC = 0x50d138c1
20.09.08	正常	设备1 程序下载成功 
