08.52.04	正常	设备1 CRC = 0x8beece3a
08.52.35	正常	设备1 程序下载成功 
08.53.15	正常	设备1 CRC = 0x8beece3a
08.53.47	正常	设备1 程序下载成功 
09.00.26	正常	设备1 CRC = 0x3b823630
09.00.57	正常	设备1 程序下载成功 
09.01.15	正常	设备1 CRC = 0x3b823630
09.01.46	正常	设备1 程序下载成功 
09.04.01	正常	设备1 CRC = 0x7857d699
09.04.32	正常	设备1 程序下载成功 
09.04.50	正常	设备1 CRC = 0x7857d699
09.05.21	正常	设备1 程序下载成功 
09.14.10	正常	设备1 CRC = 0x124319c2
09.14.40	正常	设备1 程序下载成功 
09.14.54	正常	设备1 CRC = 0x124319c2
09.15.25	正常	设备1 程序下载成功 
09.19.28	正常	设备1 CRC = 0xb8a4a0a1
09.19.59	正常	设备1 程序下载成功 
09.31.02	正常	设备1 CRC = 0xb153a03f
09.31.53	正常	设备1 程序下载成功 
10.09.28	正常	设备1 CRC = 0x68b5ee30
10.10.18	正常	设备1 程序下载成功 
10.13.46	正常	设备1 CRC = 0xb8a4a0a1
10.14.17	正常	设备1 程序下载成功 
10.31.45	正常	设备1 CRC = 0xb8a4a0a1
10.32.16	正常	设备1 程序下载成功 
10.33.58	正常	设备1 CRC = 0x68b5ee30
10.34.50	正常	设备1 程序下载成功 
10.45.29	正常	设备1 CRC = 0x883c7f79
10.46.21	正常	设备1 程序下载成功 
11.19.54	正常	设备1 CRC = 0x44fb8069
11.20.45	正常	设备1 程序下载成功 
11.46.41	正常	设备1 CRC = 0xb2a30c5f
11.47.34	正常	设备1 程序下载成功 
13.28.28	正常	设备1 CRC = 0xb2a30c5f
13.29.18	正常	设备1 程序下载成功 
13.46.12	正常	设备1 CRC = 0x8387e5cf
13.47.03	正常	设备1 程序下载成功 
13.48.34	正常	设备1 CRC = 0xb93a4b68
13.49.25	正常	设备1 程序下载成功 
13.50.15	正常	设备1 CRC = 0xb93a4b68
13.51.05	正常	设备1 程序下载成功 
14.07.31	正常	设备1 CRC = 0x3772423e
14.08.22	正常	设备1 程序下载成功 
14.13.20	正常	设备1 CRC = 0xdbad8137
14.14.11	正常	设备1 程序下载成功 
14.25.58	正常	设备1 CRC = 0xdbad8137
14.26.48	正常	设备1 程序下载成功 
14.30.59	正常	设备1 CRC = 0xa90b7493
14.31.46	正常	设备1 程序下载成功 
14.32.25	正常	设备1 CRC = 0x99af3aed
14.33.16	正常	设备1 程序下载成功 
14.48.22	正常	设备1 CRC = 0xb0fbd8df
14.49.13	正常	设备1 程序下载成功 
14.52.54	正常	设备1 CRC = 0xb0fbd8df
14.53.45	正常	设备1 程序下载成功 
14.54.08	正常	设备1 CRC = 0xb8a4a0a1
14.54.39	正常	设备1 程序下载成功 
15.08.36	正常	设备1 CRC = 0x7084bf3f
15.09.26	正常	设备1 程序下载成功 
15.11.00	正常	设备1 CRC = 0x3d0787c4
15.11.51	正常	设备1 程序下载成功 
15.14.54	正常	设备1 CRC = 0xb0fbd8df
15.15.45	正常	设备1 程序下载成功 
15.54.57	正常	设备1 CRC = 0xe7042d24
15.55.48	正常	设备1 程序下载成功 
16.00.06	正常	设备1 CRC = 0xf678592e
16.00.56	正常	设备1 程序下载成功 
16.04.21	正常	设备1 CRC = 0x209af598
16.05.12	正常	设备1 程序下载成功 
16.12.19	正常	设备1 CRC = 0xfbf40452
16.13.10	正常	设备1 程序下载成功 
16.45.42	正常	设备1 CRC = 0x10653e96
16.46.33	正常	设备1 程序下载成功 
16.49.23	正常	设备1 CRC = 0x209af598
16.50.13	正常	设备1 程序下载成功 
17.15.12	正常	设备1 CRC = 0x84e67478
17.16.03	正常	设备1 程序下载成功 
17.32.36	正常	设备1 CRC = 0x35022e96
17.33.27	正常	设备1 程序下载成功 
17.41.01	正常	设备1 CRC = 0xff9a8e8f
17.41.52	正常	设备1 程序下载成功 
18.28.20	正常	设备1 CRC = 0xfb714008
18.28.52	正常	设备1 程序下载成功 
18.32.55	正常	设备1 CRC = 0xfb714008
18.33.26	正常	设备1 程序下载成功 
18.37.54	正常	设备1 CRC = 0x84e67478
18.38.44	正常	设备1 程序下载成功 
18.41.35	正常	设备1 CRC = 0x2e868047
18.42.26	正常	设备1 程序下载成功 
18.46.40	正常	设备1 CRC = 0xee154a96
18.46.41	错误	设备1 downImage复位失败!!
18.46.41	警告	设备1 程序下载失败 
18.47.05	正常	设备1 CRC = 0xee154a96
18.47.57	正常	设备1 程序下载成功 
18.54.27	正常	设备1 CRC = 0xd7df69a2
18.55.18	正常	设备1 程序下载成功 
18.59.57	正常	设备1 CRC = 0xfb714008
19.00.28	正常	设备1 程序下载成功 
19.42.39	正常	设备1 CRC = 0xdb72abb0
19.43.30	正常	设备1 程序下载成功 
19.49.41	正常	设备1 CRC = 0xed7ffd17
19.50.32	正常	设备1 程序下载成功 
19.59.00	正常	设备1 CRC = 0x880b9f6a
19.59.01	错误	设备1 downImage复位失败!!
19.59.01	警告	设备1 程序下载失败 
19.59.21	正常	设备1 继续下载失败的bin文件！ 
20.00.11	正常	设备1 程序下载成功 
20.13.12	正常	设备1 CRC = 0x25b13c58
20.14.01	正常	设备1 程序下载成功 
20.18.30	正常	设备1 CRC = 0xb8a4a0a1
20.19.01	正常	设备1 程序下载成功 
20.19.52	正常	设备1 CRC = 0xb8a4a0a1
20.20.23	正常	设备1 程序下载成功 
20.20.48	正常	设备1 CRC = 0xe94fa8bc
20.21.38	正常	设备1 程序下载成功 
