10.01.27	正常	设备1 CRC = 0xe56861a0
10.01.28	错误	设备1 downImage复位失败!!
10.01.28	警告	设备1 程序下载失败 
10.01.31	正常	设备1 继续下载失败的bin文件！ 
10.01.31	错误	设备1 downImage复位失败!!
10.01.31	警告	设备1 程序下载失败 
10.01.42	正常	设备1 继续下载失败的bin文件！ 
10.02.14	正常	设备1 程序下载成功 
10.18.24	正常	设备1 CRC = 0x4e952a59
10.18.55	正常	设备1 程序下载成功 
10.36.47	正常	设备1 CRC = 0xbbe0296b
10.37.17	正常	设备1 程序下载成功 
10.37.36	正常	设备1 CRC = 0x27e5ab05
10.38.07	正常	设备1 程序下载成功 
10.50.36	正常	设备1 CRC = 0x7ae33f3b
10.51.08	正常	设备1 程序下载成功 
10.59.16	正常	设备1 CRC = 0xbc907b2e
10.59.47	正常	设备1 程序下载成功 
11.04.29	正常	设备1 CRC = 0x22e97b40
11.05.01	正常	设备1 程序下载成功 
11.09.31	正常	设备1 CRC = 0xf54856b4
11.10.02	正常	设备1 程序下载成功 
11.11.23	正常	设备1 CRC = 0x7a7b4a06
11.11.55	正常	设备1 程序下载成功 
11.43.28	正常	设备1 CRC = 0xfbf1874a
11.43.59	正常	设备1 程序下载成功 
11.47.15	正常	设备1 CRC = 0x9d39d64d
11.47.47	正常	设备1 程序下载成功 
14.12.10	正常	设备1 CRC = 0x7a7b4a06
14.12.42	正常	设备1 程序下载成功 
15.49.10	正常	设备1 CRC = 0x688cbed0
15.49.42	正常	设备1 程序下载成功 
16.58.23	正常	设备1 CRC = 0x73c9b9c6
16.58.55	正常	设备1 程序下载成功 
17.11.09	正常	设备1 CRC = 0x00b4d51d
17.12.14	正常	设备1 程序下载成功 
18.00.51	警告	设备1 文件打开失败!路径:D:\111DDD\7231_SDK_PROJECT\7231_SDK_620\AliOS-Things-rel_2.1.0-bk7231-fullcode\out\demoapp@bk7231devkitc\Image_All.bin!
18.00.59	警告	设备1 文件打开失败!路径:D:\111DDD\7231_SDK_PROJECT\7231_SDK_620\AliOS-Things-rel_2.1.0-bk7231-fullcode\out\demoapp@bk7231devkitc\Image_All.bin!
18.01.00	警告	设备1 文件打开失败!路径:D:\111DDD\7231_SDK_PROJECT\7231_SDK_620\AliOS-Things-rel_2.1.0-bk7231-fullcode\out\demoapp@bk7231devkitc\Image_All.bin!
18.01.08	警告	设备1 文件打开失败!路径:D:\111DDD\7231_SDK_PROJECT\7231_SDK_620\AliOS-Things-rel_2.1.0-bk7231-fullcode\out\demoapp@bk7231devkitc\Image_All.bin!
18.01.08	警告	设备1 文件打开失败!路径:D:\111DDD\7231_SDK_PROJECT\7231_SDK_620\AliOS-Things-rel_2.1.0-bk7231-fullcode\out\demoapp@bk7231devkitc\Image_All.bin!
18.01.08	警告	设备1 文件打开失败!路径:D:\111DDD\7231_SDK_PROJECT\7231_SDK_620\AliOS-Things-rel_2.1.0-bk7231-fullcode\out\demoapp@bk7231devkitc\Image_All.bin!
18.36.21	正常	设备1 CRC = 0xabdc6d40
18.36.53	正常	设备1 程序下载成功 
18.44.50	正常	设备1 CRC = 0x6f8f0eee
18.45.22	正常	设备1 程序下载成功 
18.49.17	正常	设备1 CRC = 0x4b5fe975
18.49.49	正常	设备1 程序下载成功 
19.44.06	正常	设备1 CRC = 0x6b16a3af
19.44.37	正常	设备1 程序下载成功 
19.48.02	正常	设备1 CRC = 0x662fdb45
19.48.33	正常	设备1 程序下载成功 
19.50.04	正常	设备1 CRC = 0xc00c53db
19.50.35	正常	设备1 程序下载成功 
19.53.51	正常	设备1 CRC = 0x62f9b376
19.54.22	正常	设备1 程序下载成功 
20.02.58	正常	设备1 CRC = 0xf8bcc322
20.03.29	正常	设备1 程序下载成功 
20.08.13	正常	设备1 CRC = 0x944a1fbf
20.08.44	正常	设备1 程序下载成功 
