10.55.31	正常	设备1 CRC = 0x67de523d
10.56.01	正常	设备1 程序下载成功 
11.08.10	正常	设备1 CRC = 0x67de523d
11.08.41	正常	设备1 程序下载成功 
11.08.49	正常	设备1 CRC = 0x67de523d
11.09.20	正常	设备1 程序下载成功 
11.30.51	正常	设备1 CRC = 0x70c2cad9
11.31.22	正常	设备1 程序下载成功 
11.36.38	正常	设备1 CRC = 0xc6486d88
11.37.08	正常	设备1 程序下载成功 
11.52.34	正常	设备1 CRC = 0x30e3361e
11.52.35	错误	设备1 downImage复位失败!!
11.52.35	警告	设备1 程序下载失败 
11.52.40	正常	设备1 继续下载失败的bin文件！ 
11.52.41	错误	设备1 downImage复位失败!!
11.52.41	警告	设备1 程序下载失败 
11.52.46	正常	设备1 CRC = 0x30e3361e
11.52.46	错误	设备1 downImage复位失败!!
11.52.46	警告	设备1 程序下载失败 
11.52.55	正常	设备1 CRC = 0x30e3361e
11.53.26	正常	设备1 程序下载成功 
16.07.17	正常	设备1 CRC = 0x8fa2429b
16.07.48	正常	设备1 程序下载成功 
16.14.28	正常	设备1 CRC = 0x9129dec3
16.14.59	正常	设备1 程序下载成功 
16.49.56	正常	设备1 CRC = 0x02af4c34
16.50.27	正常	设备1 程序下载成功 
17.27.09	正常	设备1 CRC = 0x147f2027
17.27.10	错误	设备1 downImage复位失败!!
17.27.10	警告	设备1 程序下载失败 
17.52.10	正常	设备1 CRC = 0x3b8225ff
17.52.40	正常	设备1 程序下载成功 
