09.45.18	正常	设备1 CRC = 0x2c526dfb
09.45.49	正常	设备1 程序下载成功 
09.52.20	正常	设备1 CRC = 0x59adc1b9
09.52.52	正常	设备1 程序下载成功 
10.06.04	正常	设备1 CRC = 0x775532da
10.06.36	正常	设备1 程序下载成功 
10.13.08	正常	设备1 CRC = 0x775532da
10.13.39	正常	设备1 程序下载成功 
10.17.52	正常	设备1 CRC = 0x27600dde
10.17.52	错误	设备1 downImage复位失败!!
10.17.52	警告	设备1 程序下载失败 
10.18.07	正常	设备1 继续下载失败的bin文件！ 
10.18.07	错误	设备1 downImage复位失败!!
10.18.07	警告	设备1 程序下载失败 
10.18.20	正常	设备1 CRC = 0x27600dde
10.18.52	正常	设备1 程序下载成功 
10.19.18	正常	设备1 CRC = 0x8d25f390
10.20.21	正常	设备1 程序下载成功 
10.23.44	正常	设备1 CRC = 0x926ad17c
10.24.17	正常	设备1 程序下载成功 
10.36.07	正常	设备1 CRC = 0x8d25f390
10.36.07	错误	设备1 downImage复位失败!!
10.36.07	警告	设备1 程序下载失败 
10.36.12	正常	设备1 继续下载失败的bin文件！ 
10.37.16	正常	设备1 程序下载成功 
10.52.37	正常	设备1 CRC = 0xa2a4eea0
10.53.09	正常	设备1 程序下载成功 
10.58.27	正常	设备1 CRC = 0xfc2dd0f5
10.58.55	正常	设备1 程序下载成功 
10.59.58	正常	设备1 CRC = 0xfc2dd0f5
11.00.26	正常	设备1 程序下载成功 
11.02.03	正常	设备1 CRC = 0x4213bec3
11.02.34	正常	设备1 程序下载成功 
15.25.33	正常	设备1 CRC = 0x4213bec3
15.25.33	错误	设备1 downImage复位失败!!
15.25.33	警告	设备1 程序下载失败 
15.27.00	正常	设备1 继续下载失败的bin文件！ 
15.27.00	错误	设备1 downImage复位失败!!
15.27.00	警告	设备1 程序下载失败 
15.27.27	正常	设备1 继续下载失败的bin文件！ 
15.27.27	错误	设备1 downImage复位失败!!
15.27.27	警告	设备1 程序下载失败 
15.27.28	正常	设备1 继续下载失败的bin文件！ 
15.27.28	错误	设备1 downImage复位失败!!
15.27.29	警告	设备1 程序下载失败 
15.27.46	正常	设备1 继续下载失败的bin文件！ 
15.27.46	错误	设备1 downImage复位失败!!
15.27.46	警告	设备1 程序下载失败 
15.28.01	正常	设备1 继续下载失败的bin文件！ 
15.28.01	错误	设备1 downImage复位失败!!
15.28.01	警告	设备1 程序下载失败 
15.28.02	正常	设备1 继续下载失败的bin文件！ 
15.28.02	错误	设备1 downImage复位失败!!
15.28.02	警告	设备1 程序下载失败 
15.28.03	正常	设备1 继续下载失败的bin文件！ 
15.28.03	错误	设备1 downImage复位失败!!
15.28.03	警告	设备1 程序下载失败 
15.28.04	正常	设备1 继续下载失败的bin文件！ 
15.28.04	错误	设备1 downImage复位失败!!
15.28.04	警告	设备1 程序下载失败 
15.28.16	正常	设备1 继续下载失败的bin文件！ 
15.28.16	错误	设备1 downImage复位失败!!
15.28.16	警告	设备1 程序下载失败 
15.28.17	正常	设备1 继续下载失败的bin文件！ 
15.28.17	错误	设备1 downImage复位失败!!
15.28.17	警告	设备1 程序下载失败 
15.28.23	正常	设备1 CRC = 0x4213bec3
15.28.23	错误	设备1 downImage复位失败!!
15.28.23	警告	设备1 程序下载失败 
15.31.43	正常	设备1 CRC = 0x4213bec3
15.31.43	错误	设备1 downImage复位失败!!
15.31.43	警告	设备1 程序下载失败 
15.31.44	正常	设备1 继续下载失败的bin文件！ 
15.31.45	错误	设备1 downImage复位失败!!
15.31.45	警告	设备1 程序下载失败 
15.32.17	正常	设备1 继续下载失败的bin文件！ 
15.32.17	错误	设备1 downImage复位失败!!
15.32.17	警告	设备1 程序下载失败 
15.32.19	正常	设备1 继续下载失败的bin文件！ 
15.32.19	错误	设备1 downImage复位失败!!
15.32.19	警告	设备1 程序下载失败 
15.33.32	正常	设备1 继续下载失败的bin文件！ 
15.33.32	错误	设备1 downImage复位失败!!
15.33.32	警告	设备1 程序下载失败 
15.34.06	正常	设备1 CRC = 0x9022eb38
15.34.06	错误	设备1 downImage复位失败!!
15.34.06	警告	设备1 程序下载失败 
15.34.21	正常	设备1 继续下载失败的bin文件！ 
15.34.21	错误	设备1 downImage复位失败!!
15.34.21	警告	设备1 程序下载失败 
15.34.22	正常	设备1 继续下载失败的bin文件！ 
15.34.22	错误	设备1 downImage复位失败!!
15.34.22	警告	设备1 程序下载失败 
15.34.24	正常	设备1 继续下载失败的bin文件！ 
15.34.24	错误	设备1 downImage复位失败!!
15.34.24	警告	设备1 程序下载失败 
15.34.33	正常	设备1 继续下载失败的bin文件！ 
15.34.33	错误	设备1 downImage复位失败!!
15.34.33	警告	设备1 程序下载失败 
15.34.34	正常	设备1 继续下载失败的bin文件！ 
15.34.34	错误	设备1 downImage复位失败!!
15.34.34	警告	设备1 程序下载失败 
15.34.42	正常	设备1 继续下载失败的bin文件！ 
15.34.42	错误	设备1 downImage复位失败!!
15.34.42	警告	设备1 程序下载失败 
15.34.47	正常	设备1 继续下载失败的bin文件！ 
15.34.47	错误	设备1 downImage复位失败!!
15.34.47	警告	设备1 程序下载失败 
15.34.48	正常	设备1 继续下载失败的bin文件！ 
15.34.48	错误	设备1 downImage复位失败!!
15.34.48	警告	设备1 程序下载失败 
15.35.01	正常	设备1 CRC = 0x9022eb38
15.35.01	错误	设备1 downImage复位失败!!
15.35.02	警告	设备1 程序下载失败 
15.35.03	正常	设备1 继续下载失败的bin文件！ 
15.35.03	错误	设备1 downImage复位失败!!
15.35.03	警告	设备1 程序下载失败 
15.35.05	正常	设备1 继续下载失败的bin文件！ 
15.35.06	错误	设备1 downImage复位失败!!
15.35.06	警告	设备1 程序下载失败 
15.35.07	正常	设备1 继续下载失败的bin文件！ 
15.35.07	错误	设备1 downImage复位失败!!
15.35.07	警告	设备1 程序下载失败 
15.42.36	正常	设备1 CRC = 0x9022eb38
15.42.36	错误	设备1 downImage复位失败!!
15.42.36	警告	设备1 程序下载失败 
15.43.06	正常	设备1 继续下载失败的bin文件！ 
15.43.06	错误	设备1 downImage复位失败!!
15.43.06	警告	设备1 程序下载失败 
15.43.10	正常	设备1 继续下载失败的bin文件！ 
15.43.10	错误	设备1 downImage复位失败!!
15.43.10	警告	设备1 程序下载失败 
15.43.16	正常	设备1 继续下载失败的bin文件！ 
15.43.16	错误	设备1 downImage复位失败!!
15.43.16	警告	设备1 程序下载失败 
15.43.56	正常	设备1 继续下载失败的bin文件！ 
15.43.56	错误	设备1 downImage复位失败!!
15.43.56	警告	设备1 程序下载失败 
15.43.58	正常	设备1 继续下载失败的bin文件！ 
15.43.58	错误	设备1 downImage复位失败!!
15.43.58	警告	设备1 程序下载失败 
15.44.12	正常	设备1 继续下载失败的bin文件！ 
15.44.12	错误	设备1 downImage复位失败!!
15.44.12	警告	设备1 程序下载失败 
15.45.06	正常	设备1 继续下载失败的bin文件！ 
15.45.07	错误	设备1 downImage复位失败!!
15.45.07	警告	设备1 程序下载失败 
15.45.28	正常	设备1 继续下载失败的bin文件！ 
15.45.28	错误	设备1 downImage复位失败!!
15.45.28	警告	设备1 程序下载失败 
15.45.34	正常	设备1 继续下载失败的bin文件！ 
15.45.35	错误	设备1 downImage复位失败!!
15.45.35	警告	设备1 程序下载失败 
15.45.38	正常	设备1 继续下载失败的bin文件！ 
15.45.55	正常	设备1 程序下载成功 
15.51.38	正常	设备1 CRC = 0x4213bec3
15.52.25	正常	设备1 程序下载成功 
16.02.48	正常	设备1 CRC = 0xc9057100
16.02.48	错误	设备1 downImage复位失败!!
16.02.48	警告	设备1 程序下载失败 
16.03.01	正常	设备1 CRC = 0xc9057100
16.03.01	错误	设备1 downImage复位失败!!
16.03.01	警告	设备1 程序下载失败 
16.03.10	正常	设备1 继续下载失败的bin文件！ 
16.03.10	错误	设备1 downImage复位失败!!
16.03.10	警告	设备1 程序下载失败 
16.03.18	正常	设备1 继续下载失败的bin文件！ 
16.03.18	错误	设备1 downImage复位失败!!
16.03.18	警告	设备1 程序下载失败 
16.03.27	正常	设备1 继续下载失败的bin文件！ 
16.04.14	正常	设备1 程序下载成功 
