14.29.43	正常	设备1 CRC = 0x26fd8ca8
14.30.48	正常	设备1 程序下载成功 
14.31.18	正常	设备1 CRC = 0x26fd8ca8
14.32.23	正常	设备1 程序下载成功 
15.00.09	正常	设备1 CRC = 0x5efa4256
15.00.09	错误	设备1 downImage复位失败!!
15.00.09	警告	设备1 程序下载失败 
15.00.41	正常	设备1 CRC = 0x5efa4256
15.01.46	正常	设备1 程序下载成功 
15.01.55	正常	设备1 CRC = 0x5efa4256
15.03.00	正常	设备1 程序下载成功 
15.12.21	正常	设备1 CRC = 0xe9eb0c2b
15.13.26	正常	设备1 程序下载成功 
15.13.55	正常	设备1 CRC = 0xe9eb0c2b
15.15.00	正常	设备1 程序下载成功 
15.15.58	正常	设备1 CRC = 0xe9eb0c2b
15.17.04	正常	设备1 程序下载成功 
15.24.03	正常	设备1 CRC = 0x277ebfba
15.25.08	正常	设备1 程序下载成功 
15.46.32	正常	设备1 CRC = 0xad55e51e
15.47.36	正常	设备1 程序下载成功 
15.47.56	正常	设备1 CRC = 0xad55e51e
15.49.00	正常	设备1 程序下载成功 
15.54.18	正常	设备1 CRC = 0xad55e51e
15.55.24	正常	设备1 程序下载成功 
16.20.47	正常	设备1 CRC = 0xb40e4be2
16.21.52	正常	设备1 程序下载成功 
16.22.21	正常	设备1 CRC = 0xb40e4be2
16.23.27	正常	设备1 程序下载成功 
16.39.12	正常	设备1 CRC = 0x97845726
16.40.17	正常	设备1 程序下载成功 
16.40.37	正常	设备1 CRC = 0x97845726
16.40.41	错误	设备1 芯片烧录信息加载超时！
16.40.41	警告	设备1 程序下载失败 
16.40.43	错误	设备1 Vpp关闭操作超时！
16.41.46	正常	设备1 CRC = 0x97845726
16.41.47	错误	设备1 downImage复位失败!!
16.41.47	警告	设备1 程序下载失败 
16.41.55	正常	设备1 CRC = 0x97845726
16.42.59	正常	设备1 程序下载成功 
