14.46.00	正常	设备1 CRC = 0xdbef2345
14.46.16	正常	设备1 程序下载成功 
15.00.45	正常	设备1 CRC = 0xe9d009be
15.01.01	正常	设备1 程序下载成功 
15.15.16	正常	设备1 CRC = 0xafc25c04
15.15.32	正常	设备1 程序下载成功 
15.23.41	正常	设备1 CRC = 0xd0eca3a9
15.23.57	正常	设备1 程序下载成功 
15.32.51	正常	设备1 CRC = 0xd0eca3a9
15.33.07	正常	设备1 程序下载成功 
16.07.02	正常	设备1 CRC = 0x82bf3f22
16.07.18	正常	设备1 程序下载成功 
16.08.06	正常	设备1 CRC = 0x82bf3f22
16.08.22	正常	设备1 程序下载成功 
16.10.42	正常	设备1 CRC = 0x82bf3f22
16.11.00	正常	设备1 程序下载成功 
16.13.35	正常	设备1 CRC = 0x0d312aaa
16.13.51	正常	设备1 程序下载成功 
16.15.20	正常	设备1 CRC = 0x82bf3f22
16.15.52	正常	设备1 程序下载成功 
16.29.40	正常	设备1 CRC = 0x36bd3f01
16.29.41	错误	设备1 downImage复位失败!!
16.29.41	警告	设备1 程序下载失败 
16.38.52	正常	设备1 CRC = 0x97ebb6c2
16.38.53	错误	设备1 downImage复位失败!!
16.38.53	警告	设备1 程序下载失败 
16.38.57	正常	设备1 继续下载失败的bin文件！ 
16.39.13	正常	设备1 程序下载成功 
16.45.55	正常	设备1 CRC = 0x77f667f3
16.46.11	正常	设备1 程序下载成功 
16.46.24	正常	设备1 CRC = 0x77f667f3
16.46.40	正常	设备1 程序下载成功 
16.48.09	正常	设备1 CRC = 0xa2c86e80
16.48.25	正常	设备1 程序下载成功 
16.48.37	正常	设备1 CRC = 0xa2c86e80
16.48.53	正常	设备1 程序下载成功 
17.06.08	正常	设备1 CRC = 0x26df2b72
17.06.08	错误	设备1 downImage复位失败!!
17.06.08	警告	设备1 程序下载失败 
17.26.17	正常	设备1 CRC = 0xdd9f6308
17.26.18	错误	设备1 downImage复位失败!!
17.26.18	警告	设备1 程序下载失败 
17.26.29	正常	设备1 CRC = 0xdd9f6308
17.26.30	错误	设备1 downImage复位失败!!
17.26.30	警告	设备1 程序下载失败 
17.26.44	正常	设备1 CRC = 0xdd9f6308
17.26.44	错误	设备1 downImage复位失败!!
17.26.44	警告	设备1 程序下载失败 
17.28.25	正常	设备1 CRC = 0xdd9f6308
17.28.26	错误	设备1 downImage复位失败!!
17.28.26	警告	设备1 程序下载失败 
17.28.42	正常	设备1 CRC = 0xdd9f6308
17.28.43	错误	设备1 downImage复位失败!!
17.28.43	警告	设备1 程序下载失败 
17.29.14	正常	设备1 CRC = 0x02d774db
17.29.15	错误	设备1 downImage复位失败!!
17.29.15	警告	设备1 程序下载失败 
17.29.23	正常	设备1 CRC = 0xdd9f6308
17.29.24	错误	设备1 downImage复位失败!!
17.29.24	警告	设备1 程序下载失败 
17.29.26	错误	设备1 dump复位失败!!
17.29.26	错误	设备1 读出失败!!
17.29.28	正常	设备1 继续下载失败的bin文件！ 
17.29.29	错误	设备1 downImage复位失败!!
17.29.29	警告	设备1 程序下载失败 
17.29.31	错误	设备1 resetflash复位失败!!
17.30.35	正常	设备1 CRC = 0xdd9f6308
17.30.36	错误	设备1 downImage复位失败!!
17.30.36	警告	设备1 程序下载失败 
17.37.17	正常	设备1 CRC = 0xdd9f6308
17.37.18	错误	设备1 Vpp打开失败(!=0xee)！
17.37.31	正常	设备1 读出成功!!
17.37.36	正常	设备1 擦除成功!!
17.37.38	正常	设备1 CRC = 0xdd9f6308
17.38.11	正常	设备1 程序下载成功 
17.45.20	正常	设备1 CRC = 0x2106b028
17.45.21	错误	设备1 downImage复位失败!!
17.45.21	警告	设备1 程序下载失败 
17.45.23	错误	设备1 eraseflash复位失败!!
17.45.28	正常	设备1 继续下载失败的bin文件！ 
17.45.28	错误	设备1 downImage复位失败!!
17.45.28	警告	设备1 程序下载失败 
17.45.40	正常	设备1 CRC = 0x2106b028
17.46.13	正常	设备1 程序下载成功 
18.02.24	正常	设备1 CRC = 0x1fafd40a
18.02.57	正常	设备1 程序下载成功 
18.05.14	正常	设备1 CRC = 0x1fafd40a
18.05.45	正常	设备1 程序下载成功 
18.25.32	正常	设备1 CRC = 0x1fafd40a
18.25.33	错误	设备1 downImage复位失败!!
18.25.33	警告	设备1 程序下载失败 
18.25.50	正常	设备1 擦除成功!!
18.25.52	正常	设备1 继续下载失败的bin文件！ 
18.26.24	正常	设备1 程序下载成功 
