09.52.10	正常	设备1 CRC = 0xa91a85dd
09.53.01	正常	设备1 程序下载成功 
10.20.14	正常	设备1 CRC = 0xa05b37db
10.21.05	正常	设备1 程序下载成功 
10.39.34	正常	设备1 CRC = 0xeda50bd2
10.40.24	正常	设备1 程序下载成功 
10.47.36	正常	设备1 CRC = 0x549c80a7
10.47.37	错误	设备1 downImage复位失败!!
10.47.37	警告	设备1 程序下载失败 
10.47.56	正常	设备1 CRC = 0x549c80a7
10.47.57	错误	设备1 downImage复位失败!!
10.47.57	警告	设备1 程序下载失败 
10.48.26	正常	设备1 CRC = 0x549c80a7
10.49.17	正常	设备1 程序下载成功 
11.01.06	正常	设备1 CRC = 0x564d6114
11.01.56	正常	设备1 程序下载成功 
11.14.44	正常	设备1 CRC = 0x2745c1d3
11.15.35	正常	设备1 程序下载成功 
11.36.06	正常	设备1 CRC = 0xaf682d1d
11.36.56	正常	设备1 程序下载成功 
13.51.36	正常	设备1 CRC = 0x4565dd7b
13.52.27	正常	设备1 程序下载成功 
13.59.06	正常	设备1 CRC = 0xb82eec56
13.59.56	正常	设备1 程序下载成功 
14.04.12	正常	设备1 CRC = 0x186b47b5
14.05.02	正常	设备1 程序下载成功 
14.23.30	正常	设备1 CRC = 0x788103e9
14.23.31	错误	设备1 downImage复位失败!!
14.23.31	警告	设备1 程序下载失败 
14.23.42	正常	设备1 CRC = 0x788103e9
14.24.32	正常	设备1 程序下载成功 
14.29.04	正常	设备1 CRC = 0xa6ae88ef
14.29.54	正常	设备1 程序下载成功 
14.35.05	正常	设备1 CRC = 0x89012558
14.35.55	正常	设备1 程序下载成功 
14.40.56	正常	设备1 CRC = 0x046b0ab7
14.41.46	正常	设备1 程序下载成功 
14.48.59	正常	设备1 CRC = 0x046b0ab7
14.49.50	正常	设备1 程序下载成功 
14.51.39	正常	设备1 CRC = 0xc94ec7f3
14.52.09	正常	设备1 程序下载成功 
14.53.26	正常	设备1 CRC = 0x046b0ab7
14.54.16	正常	设备1 程序下载成功 
15.00.57	正常	设备1 CRC = 0x046b0ab7
15.01.47	正常	设备1 程序下载成功 
15.03.14	正常	设备1 CRC = 0x046b0ab7
15.03.15	错误	设备1 downImage复位失败!!
15.03.15	警告	设备1 程序下载失败 
15.03.17	正常	设备1 继续下载失败的bin文件！ 
15.03.18	错误	设备1 downImage复位失败!!
15.03.18	警告	设备1 程序下载失败 
15.03.22	正常	设备1 CRC = 0x046b0ab7
15.03.22	错误	设备1 downImage复位失败!!
15.03.22	警告	设备1 程序下载失败 
15.03.33	正常	设备1 继续下载失败的bin文件！ 
15.05.30	正常	设备1 CRC = 0x046b0ab7
15.06.53	正常	设备1 程序下载成功 
15.08.18	正常	设备1 CRC = 0xc5c2a962
15.08.18	错误	设备1 downImage复位失败!!
15.08.18	警告	设备1 程序下载失败 
15.08.37	正常	设备1 继续下载失败的bin文件！ 
15.09.28	正常	设备1 程序下载成功 
15.16.24	正常	设备1 CRC = 0x046b0ab7
15.17.14	正常	设备1 程序下载成功 
15.27.20	正常	设备1 CRC = 0x0aa6ab0b
15.27.21	错误	设备1 downImage复位失败!!
15.27.21	警告	设备1 程序下载失败 
15.27.31	正常	设备1 CRC = 0x0aa6ab0b
15.28.21	正常	设备1 程序下载成功 
15.35.21	正常	设备1 CRC = 0x5edb6495
15.35.22	错误	设备1 downImage复位失败!!
15.35.22	警告	设备1 程序下载失败 
15.35.37	正常	设备1 继续下载失败的bin文件！ 
15.36.27	正常	设备1 程序下载成功 
15.42.55	正常	设备1 CRC = 0x70b9a2e0
15.43.45	正常	设备1 程序下载成功 
15.47.18	正常	设备1 CRC = 0x0aa6ab0b
15.48.14	正常	设备1 程序下载成功 
16.04.37	正常	设备1 CRC = 0x001a53b3
16.05.27	正常	设备1 程序下载成功 
16.16.56	正常	设备1 CRC = 0xe19ed228
16.17.47	正常	设备1 程序下载成功 
16.21.34	正常	设备1 CRC = 0xd0d317e4
16.22.24	正常	设备1 程序下载成功 
16.26.29	正常	设备1 CRC = 0xe6ce1d54
16.27.19	正常	设备1 程序下载成功 
16.33.21	正常	设备1 CRC = 0xbf3baf95
16.34.11	正常	设备1 程序下载成功 
16.39.14	正常	设备1 CRC = 0xd919825c
16.40.04	正常	设备1 程序下载成功 
16.42.11	正常	设备1 CRC = 0xf8041a17
16.43.00	正常	设备1 程序下载成功 
16.45.27	正常	设备1 CRC = 0xe6ce1d54
16.45.27	错误	设备1 downImage复位失败!!
16.45.27	警告	设备1 程序下载失败 
16.45.49	正常	设备1 CRC = 0xe6ce1d54
16.46.39	正常	设备1 程序下载成功 
16.49.38	正常	设备1 CRC = 0xad5570be
16.50.28	正常	设备1 程序下载成功 
16.53.25	正常	设备1 CRC = 0xe9634c1e
16.54.16	正常	设备1 程序下载成功 
16.56.29	正常	设备1 CRC = 0x072ef364
16.57.19	正常	设备1 程序下载成功 
17.01.15	正常	设备1 CRC = 0xf76b3f2d
17.02.04	正常	设备1 程序下载成功 
17.04.55	正常	设备1 CRC = 0x756ac144
17.05.46	正常	设备1 程序下载成功 
17.08.43	正常	设备1 CRC = 0xbf2992ed
17.09.33	正常	设备1 程序下载成功 
17.13.31	正常	设备1 CRC = 0x603677a2
17.14.21	正常	设备1 程序下载成功 
17.17.35	正常	设备1 CRC = 0xdbb5cb3b
17.17.36	错误	设备1 downImage复位失败!!
17.17.36	警告	设备1 程序下载失败 
17.18.10	正常	设备1 CRC = 0xdbb5cb3b
17.19.01	正常	设备1 程序下载成功 
17.24.26	正常	设备1 CRC = 0xdbb5cb3b
17.25.15	正常	设备1 程序下载成功 
17.26.45	正常	设备1 CRC = 0xdbb5cb3b
17.26.46	错误	设备1 downImage复位失败!!
17.26.46	警告	设备1 程序下载失败 
17.26.51	正常	设备1 继续下载失败的bin文件！ 
17.26.51	错误	设备1 downImage复位失败!!
17.26.51	警告	设备1 程序下载失败 
17.26.54	正常	设备1 继续下载失败的bin文件！ 
17.26.54	错误	设备1 downImage复位失败!!
17.26.54	警告	设备1 程序下载失败 
17.27.51	正常	设备1 CRC = 0xbd1bbdf6
17.28.22	正常	设备1 程序下载成功 
17.47.41	正常	设备1 CRC = 0xdbb5cb3b
17.48.31	正常	设备1 程序下载成功 
18.43.08	正常	设备1 CRC = 0x8c9b0a18
18.43.58	正常	设备1 程序下载成功 
18.51.11	正常	设备1 CRC = 0xc94ec7f3
18.51.18	错误	设备1 芯片烧录信息加载超时！
18.51.18	警告	设备1 程序下载失败 
18.51.20	错误	设备1 Vpp关闭操作超时！
18.51.33	正常	设备1 CRC = 0xc94ec7f3
18.52.04	正常	设备1 程序下载成功 
18.54.13	正常	设备1 CRC = 0xc94ec7f3
18.54.43	正常	设备1 程序下载成功 
19.29.20	正常	设备1 CRC = 0x4fdd9a3e
19.30.09	正常	设备1 程序下载成功 
19.37.18	正常	设备1 CRC = 0xc94ec7f3
19.37.49	正常	设备1 程序下载成功 
19.46.27	正常	设备1 CRC = 0xc94ec7f3
19.46.58	正常	设备1 程序下载成功 
19.47.08	正常	设备1 CRC = 0xc94ec7f3
19.47.39	正常	设备1 程序下载成功 
19.57.54	正常	设备1 CRC = 0x29457a9c
19.58.44	正常	设备1 程序下载成功 
20.05.50	正常	设备1 CRC = 0xbb3131b4
20.06.40	正常	设备1 程序下载成功 
20.33.01	正常	设备1 CRC = 0xa7f1466a
20.33.51	正常	设备1 程序下载成功 
20.35.19	正常	设备1 CRC = 0xa7f1466a
20.36.10	正常	设备1 程序下载成功 
20.40.16	正常	设备1 CRC = 0xed243c7c
20.41.07	正常	设备1 程序下载成功 
