10.00.17	正常	设备1 CRC = 0xbd950572
10.00.50	正常	设备1 程序下载成功 
10.08.33	正常	设备1 CRC = 0x0ae78f87
10.08.47	正常	设备1 程序下载成功 
10.11.02	正常	设备1 CRC = 0x0a90da69
10.11.35	正常	设备1 程序下载成功 
10.18.12	正常	设备1 CRC = 0xa367cf4f
10.18.44	正常	设备1 程序下载成功 
10.52.12	正常	设备1 CRC = 0x20ff1a58
10.52.45	正常	设备1 程序下载成功 
11.00.56	正常	设备1 CRC = 0x20ff1a58
11.01.28	正常	设备1 程序下载成功 
11.08.57	正常	设备1 CRC = 0x3c0a8af3
11.09.29	正常	设备1 程序下载成功 
11.10.45	正常	设备1 CRC = 0x3c0a8af3
11.11.17	正常	设备1 程序下载成功 
11.11.24	正常	设备1 CRC = 0x3c0a8af3
11.11.24	错误	设备1 downImage复位失败!!
11.11.24	警告	设备1 程序下载失败 
11.11.29	正常	设备1 继续下载失败的bin文件！ 
11.11.29	错误	设备1 downImage复位失败!!
11.11.29	警告	设备1 程序下载失败 
11.11.51	正常	设备1 继续下载失败的bin文件！ 
11.11.51	错误	设备1 downImage复位失败!!
11.11.51	警告	设备1 程序下载失败 
11.11.55	正常	设备1 CRC = 0x26a217a4
11.11.55	错误	设备1 downImage复位失败!!
11.11.55	警告	设备1 程序下载失败 
11.11.57	正常	设备1 继续下载失败的bin文件！ 
11.11.57	错误	设备1 downImage复位失败!!
11.11.57	警告	设备1 程序下载失败 
11.30.44	正常	设备1 CRC = 0x26a217a4
11.31.18	正常	设备1 程序下载成功 
11.47.49	正常	设备1 CRC = 0xdac8562b
11.48.21	正常	设备1 程序下载成功 
11.48.40	正常	设备1 CRC = 0x7ab1555e
11.49.09	正常	设备1 程序下载成功 
11.49.55	正常	设备1 CRC = 0xdac8562b
11.50.27	正常	设备1 程序下载成功 
11.59.17	正常	设备1 CRC = 0x20ff1a58
11.59.49	正常	设备1 程序下载成功 
13.54.40	正常	设备1 CRC = 0xdac8562b
13.55.12	正常	设备1 程序下载成功 
13.59.00	正常	设备1 CRC = 0x20ff1a58
13.59.32	正常	设备1 程序下载成功 
14.00.26	正常	设备1 CRC = 0x20ff1a58
14.00.58	正常	设备1 程序下载成功 
14.10.14	正常	设备1 CRC = 0xd0baea6d
14.10.47	正常	设备1 程序下载成功 
14.16.16	正常	设备1 CRC = 0xdac8562b
14.16.48	正常	设备1 程序下载成功 
14.19.58	正常	设备1 CRC = 0xa6fe29b6
14.20.30	正常	设备1 程序下载成功 
14.27.53	正常	设备1 CRC = 0x28620387
14.28.25	正常	设备1 程序下载成功 
16.17.19	正常	设备1 CRC = 0x486ffac8
16.17.51	正常	设备1 程序下载成功 
16.22.27	正常	设备1 CRC = 0x94906ef2
16.22.59	正常	设备1 程序下载成功 
16.49.13	正常	设备1 CRC = 0x48779bf7
16.49.46	正常	设备1 程序下载成功 
