14.37.15	正常	设备1 CRC = 0xc80ad225
14.38.19	正常	设备1 程序下载成功 
14.44.46	正常	设备1 CRC = 0x16730aba
14.45.50	正常	设备1 程序下载成功 
14.49.30	正常	设备1 CRC = 0x5d710616
14.50.34	正常	设备1 程序下载成功 
14.56.10	正常	设备1 CRC = 0x8318417e
14.56.10	错误	设备1 downImage复位失败!!
14.56.10	警告	设备1 程序下载失败 
14.56.15	正常	设备1 继续下载失败的bin文件！ 
14.56.16	错误	设备1 downImage复位失败!!
14.56.16	警告	设备1 程序下载失败 
14.56.21	正常	设备1 CRC = 0x8318417e
14.56.22	错误	设备1 downImage复位失败!!
14.56.22	警告	设备1 程序下载失败 
14.56.25	正常	设备1 继续下载失败的bin文件！ 
14.57.29	正常	设备1 程序下载成功 
15.02.10	正常	设备1 CRC = 0x49c4004f
15.03.15	正常	设备1 程序下载成功 
15.12.52	正常	设备1 CRC = 0x464d0d1e
15.13.56	正常	设备1 程序下载成功 
15.18.38	正常	设备1 CRC = 0xd60ac5ea
15.19.42	正常	设备1 程序下载成功 
15.25.11	正常	设备1 CRC = 0x60f15b8c
15.26.15	正常	设备1 程序下载成功 
15.29.35	正常	设备1 CRC = 0x8d330b0c
15.30.39	正常	设备1 程序下载成功 
15.35.55	正常	设备1 CRC = 0xa88fb799
15.36.58	正常	设备1 程序下载成功 
15.52.50	正常	设备1 CRC = 0xf3180a8f
15.53.54	正常	设备1 程序下载成功 
15.58.41	正常	设备1 CRC = 0xdad9e366
15.58.42	错误	设备1 downImage复位失败!!
15.58.42	警告	设备1 程序下载失败 
15.58.46	正常	设备1 继续下载失败的bin文件！ 
15.59.50	正常	设备1 程序下载成功 
16.01.48	正常	设备1 CRC = 0xdad9e366
16.02.52	正常	设备1 程序下载成功 
16.12.56	正常	设备1 CRC = 0x1b5af82e
16.13.28	正常	设备1 程序下载成功 
16.13.47	正常	设备1 CRC = 0x04bccacc
16.14.51	正常	设备1 程序下载成功 
16.49.55	正常	设备1 CRC = 0x3b60ae74
16.50.59	正常	设备1 程序下载成功 
17.09.45	正常	设备1 CRC = 0x8fb46e40
17.10.50	正常	设备1 程序下载成功 
17.15.33	正常	设备1 CRC = 0x2507e0cc
17.16.38	正常	设备1 程序下载成功 
17.32.33	正常	设备1 CRC = 0x564483a2
17.33.37	正常	设备1 程序下载成功 
17.35.12	正常	设备1 CRC = 0x564483a2
17.36.34	正常	设备1 程序下载成功 
17.48.21	正常	设备1 CRC = 0xdde5222b
17.48.21	错误	设备1 downImage复位失败!!
17.48.21	警告	设备1 程序下载失败 
17.48.33	正常	设备1 继续下载失败的bin文件！ 
17.49.37	正常	设备1 程序下载成功 
18.16.02	正常	设备1 CRC = 0xf5504dcc
18.17.05	正常	设备1 程序下载成功 
18.21.09	正常	设备1 CRC = 0x4dd2e75c
18.22.13	正常	设备1 程序下载成功 
18.25.19	正常	设备1 CRC = 0x100b1e59
18.26.22	正常	设备1 程序下载成功 
18.28.59	正常	设备1 CRC = 0xf7fba9bc
18.30.03	正常	设备1 程序下载成功 
18.34.39	正常	设备1 CRC = 0x8e5ade86
18.35.42	正常	设备1 程序下载成功 
18.57.26	正常	设备1 CRC = 0x194d26fc
18.58.13	警告	设备1 写入Bin文件超时-1！ 
18.58.13	警告	设备1 程序下载失败 
18.58.15	错误	设备1 Vpp关闭操作超时！
18.58.43	正常	设备1 CRC = 0x194d26fc
18.59.47	正常	设备1 程序下载成功 
19.21.01	正常	设备1 CRC = 0x80d9f5b1
19.22.04	正常	设备1 程序下载成功 
19.28.38	正常	设备1 CRC = 0x4ff87f23
19.29.42	正常	设备1 程序下载成功 
20.03.10	正常	设备1 CRC = 0x633de8ef
20.04.13	正常	设备1 程序下载成功 
20.07.58	正常	设备1 CRC = 0xda6b69bf
20.09.01	正常	设备1 程序下载成功 
